The system is: Linux - 4.1.6-1-ARCH - i686
Compiling the C compiler identification source file "CMakeCCompilerId.c" succeeded.
Compiler: /usr/bin/cc 
Build flags: 
Id flags: 

The output was:
0


Compilation of the C compiler identification source "CMakeCCompilerId.c" produced "a.out"

The C compiler identification is GNU, found in "/home/cg/shared/cg_exercise_01/01_colors/build/CMakeFiles/3.3.1/CompilerIdC/a.out"

Compiling the CXX compiler identification source file "CMakeCXXCompilerId.cpp" succeeded.
Compiler: /usr/bin/c++ 
Build flags: 
Id flags: 

The output was:
0


Compilation of the CXX compiler identification source "CMakeCXXCompilerId.cpp" produced "a.out"

The CXX compiler identification is GNU, found in "/home/cg/shared/cg_exercise_01/01_colors/build/CMakeFiles/3.3.1/CompilerIdCXX/a.out"

Determining if the C compiler works passed with the following output:
Change Dir: /home/cg/shared/cg_exercise_01/01_colors/build/CMakeFiles/CMakeTmp

Run Build Command:"/usr/bin/make" "cmTC_e2bfa/fast"
/usr/bin/make -f CMakeFiles/cmTC_e2bfa.dir/build.make CMakeFiles/cmTC_e2bfa.dir/build
make: Warning: File 'Makefile' has modification time 1.3 s in the future
make[1]: Entering directory '/home/cg/shared/cg_exercise_01/01_colors/build/CMakeFiles/CMakeTmp'
make[1]: Warning: File 'CMakeFiles/cmTC_e2bfa.dir/flags.make' has modification time 1.3 s in the future
Building C object CMakeFiles/cmTC_e2bfa.dir/testCCompiler.c.o
/usr/bin/cc    -o CMakeFiles/cmTC_e2bfa.dir/testCCompiler.c.o   -c /home/cg/shared/cg_exercise_01/01_colors/build/CMakeFiles/CMakeTmp/testCCompiler.c
Linking C executable cmTC_e2bfa
/usr/bin/cmake -E cmake_link_script CMakeFiles/cmTC_e2bfa.dir/link.txt --verbose=1
/usr/bin/cc       CMakeFiles/cmTC_e2bfa.dir/testCCompiler.c.o  -o cmTC_e2bfa -rdynamic 
make[1]: Leaving directory '/home/cg/shared/cg_exercise_01/01_colors/build/CMakeFiles/CMakeTmp'
make[1]: warning:  Clock skew detected.  Your build may be incomplete.
make: warning:  Clock skew detected.  Your build may be incomplete.


Detecting C compiler ABI info compiled with the following output:
Change Dir: /home/cg/shared/cg_exercise_01/01_colors/build/CMakeFiles/CMakeTmp

Run Build Command:"/usr/bin/make" "cmTC_83137/fast"
make: Warning: File 'Makefile' has modification time 1.5 s in the future
/usr/bin/make -f CMakeFiles/cmTC_83137.dir/build.make CMakeFiles/cmTC_83137.dir/build
make[1]: Entering directory '/home/cg/shared/cg_exercise_01/01_colors/build/CMakeFiles/CMakeTmp'
make[1]: Warning: File 'CMakeFiles/cmTC_83137.dir/flags.make' has modification time 1.5 s in the future
Building C object CMakeFiles/cmTC_83137.dir/CMakeCCompilerABI.c.o
/usr/bin/cc    -o CMakeFiles/cmTC_83137.dir/CMakeCCompilerABI.c.o   -c /usr/share/cmake-3.3/Modules/CMakeCCompilerABI.c
Linking C executable cmTC_83137
/usr/bin/cmake -E cmake_link_script CMakeFiles/cmTC_83137.dir/link.txt --verbose=1
/usr/bin/cc      -v CMakeFiles/cmTC_83137.dir/CMakeCCompilerABI.c.o  -o cmTC_83137 -rdynamic  
Using built-in specs.
COLLECT_GCC=/usr/bin/cc
COLLECT_LTO_WRAPPER=/usr/lib/gcc/i686-pc-linux-gnu/5.2.0/lto-wrapper
Target: i686-pc-linux-gnu
Configured with: /build/gcc/src/gcc-5.2.0/configure --prefix=/usr --libdir=/usr/lib --libexecdir=/usr/lib --mandir=/usr/share/man --infodir=/usr/share/info --with-bugurl=https://bugs.archlinux.org/ --enable-languages=c,c++,ada,fortran,go,lto,objc,obj-c++ --enable-shared --enable-threads=posix --enable-libmpx --with-system-zlib --with-isl --enable-__cxa_atexit --disable-libunwind-exceptions --enable-clocale=gnu --disable-libstdcxx-pch --disable-libssp --enable-gnu-unique-object --enable-linker-build-id --enable-lto --enable-plugin --enable-install-libiberty --with-linker-hash-style=gnu --enable-gnu-indirect-function --disable-multilib --disable-werror --enable-checking=release --with-default-libstdcxx-abi=gcc4-compatible
Thread model: posix
gcc version 5.2.0 (GCC) 
COMPILER_PATH=/usr/lib/gcc/i686-pc-linux-gnu/5.2.0/:/usr/lib/gcc/i686-pc-linux-gnu/5.2.0/:/usr/lib/gcc/i686-pc-linux-gnu/:/usr/lib/gcc/i686-pc-linux-gnu/5.2.0/:/usr/lib/gcc/i686-pc-linux-gnu/
LIBRARY_PATH=/usr/lib/gcc/i686-pc-linux-gnu/5.2.0/:/usr/lib/gcc/i686-pc-linux-gnu/5.2.0/../../../:/lib/:/usr/lib/
COLLECT_GCC_OPTIONS='-v' '-o' 'cmTC_83137' '-rdynamic' '-mtune=generic' '-march=pentiumpro'
 /usr/lib/gcc/i686-pc-linux-gnu/5.2.0/collect2 -plugin /usr/lib/gcc/i686-pc-linux-gnu/5.2.0/liblto_plugin.so -plugin-opt=/usr/lib/gcc/i686-pc-linux-gnu/5.2.0/lto-wrapper -plugin-opt=-fresolution=/tmp/ccu3Pp9g.res -plugin-opt=-pass-through=-lgcc -plugin-opt=-pass-through=-lgcc_s -plugin-opt=-pass-through=-lc -plugin-opt=-pass-through=-lgcc -plugin-opt=-pass-through=-lgcc_s --build-id --eh-frame-hdr --hash-style=gnu -m elf_i386 -export-dynamic -dynamic-linker /lib/ld-linux.so.2 -o cmTC_83137 /usr/lib/gcc/i686-pc-linux-gnu/5.2.0/../../../crt1.o /usr/lib/gcc/i686-pc-linux-gnu/5.2.0/../../../crti.o /usr/lib/gcc/i686-pc-linux-gnu/5.2.0/crtbegin.o -L/usr/lib/gcc/i686-pc-linux-gnu/5.2.0 -L/usr/lib/gcc/i686-pc-linux-gnu/5.2.0/../../.. CMakeFiles/cmTC_83137.dir/CMakeCCompilerABI.c.o -lgcc --as-needed -lgcc_s --no-as-needed -lc -lgcc --as-needed -lgcc_s --no-as-needed /usr/lib/gcc/i686-pc-linux-gnu/5.2.0/crtend.o /usr/lib/gcc/i686-pc-linux-gnu/5.2.0/../../../crtn.o
make[1]: Leaving directory '/home/cg/shared/cg_exercise_01/01_colors/build/CMakeFiles/CMakeTmp'
make[1]: warning:  Clock skew detected.  Your build may be incomplete.
make: warning:  Clock skew detected.  Your build may be incomplete.


Parsed C implicit link information from above output:
  link line regex: [^( *|.*[/\])(ld|([^/\]+-)?ld|collect2)[^/\]*( |$)]
  ignore line: [Change Dir: /home/cg/shared/cg_exercise_01/01_colors/build/CMakeFiles/CMakeTmp]
  ignore line: []
  ignore line: [Run Build Command:"/usr/bin/make" "cmTC_83137/fast"]
  ignore line: [make: Warning: File 'Makefile' has modification time 1.5 s in the future]
  ignore line: [/usr/bin/make -f CMakeFiles/cmTC_83137.dir/build.make CMakeFiles/cmTC_83137.dir/build]
  ignore line: [make[1]: Entering directory '/home/cg/shared/cg_exercise_01/01_colors/build/CMakeFiles/CMakeTmp']
  ignore line: [make[1]: Warning: File 'CMakeFiles/cmTC_83137.dir/flags.make' has modification time 1.5 s in the future]
  ignore line: [Building C object CMakeFiles/cmTC_83137.dir/CMakeCCompilerABI.c.o]
  ignore line: [/usr/bin/cc    -o CMakeFiles/cmTC_83137.dir/CMakeCCompilerABI.c.o   -c /usr/share/cmake-3.3/Modules/CMakeCCompilerABI.c]
  ignore line: [Linking C executable cmTC_83137]
  ignore line: [/usr/bin/cmake -E cmake_link_script CMakeFiles/cmTC_83137.dir/link.txt --verbose=1]
  ignore line: [/usr/bin/cc      -v CMakeFiles/cmTC_83137.dir/CMakeCCompilerABI.c.o  -o cmTC_83137 -rdynamic  ]
  ignore line: [Using built-in specs.]
  ignore line: [COLLECT_GCC=/usr/bin/cc]
  ignore line: [COLLECT_LTO_WRAPPER=/usr/lib/gcc/i686-pc-linux-gnu/5.2.0/lto-wrapper]
  ignore line: [Target: i686-pc-linux-gnu]
  ignore line: [Configured with: /build/gcc/src/gcc-5.2.0/configure --prefix=/usr --libdir=/usr/lib --libexecdir=/usr/lib --mandir=/usr/share/man --infodir=/usr/share/info --with-bugurl=https://bugs.archlinux.org/ --enable-languages=c,c++,ada,fortran,go,lto,objc,obj-c++ --enable-shared --enable-threads=posix --enable-libmpx --with-system-zlib --with-isl --enable-__cxa_atexit --disable-libunwind-exceptions --enable-clocale=gnu --disable-libstdcxx-pch --disable-libssp --enable-gnu-unique-object --enable-linker-build-id --enable-lto --enable-plugin --enable-install-libiberty --with-linker-hash-style=gnu --enable-gnu-indirect-function --disable-multilib --disable-werror --enable-checking=release --with-default-libstdcxx-abi=gcc4-compatible]
  ignore line: [Thread model: posix]
  ignore line: [gcc version 5.2.0 (GCC) ]
  ignore line: [COMPILER_PATH=/usr/lib/gcc/i686-pc-linux-gnu/5.2.0/:/usr/lib/gcc/i686-pc-linux-gnu/5.2.0/:/usr/lib/gcc/i686-pc-linux-gnu/:/usr/lib/gcc/i686-pc-linux-gnu/5.2.0/:/usr/lib/gcc/i686-pc-linux-gnu/]
  ignore line: [LIBRARY_PATH=/usr/lib/gcc/i686-pc-linux-gnu/5.2.0/:/usr/lib/gcc/i686-pc-linux-gnu/5.2.0/../../../:/lib/:/usr/lib/]
  ignore line: [COLLECT_GCC_OPTIONS='-v' '-o' 'cmTC_83137' '-rdynamic' '-mtune=generic' '-march=pentiumpro']
  link line: [ /usr/lib/gcc/i686-pc-linux-gnu/5.2.0/collect2 -plugin /usr/lib/gcc/i686-pc-linux-gnu/5.2.0/liblto_plugin.so -plugin-opt=/usr/lib/gcc/i686-pc-linux-gnu/5.2.0/lto-wrapper -plugin-opt=-fresolution=/tmp/ccu3Pp9g.res -plugin-opt=-pass-through=-lgcc -plugin-opt=-pass-through=-lgcc_s -plugin-opt=-pass-through=-lc -plugin-opt=-pass-through=-lgcc -plugin-opt=-pass-through=-lgcc_s --build-id --eh-frame-hdr --hash-style=gnu -m elf_i386 -export-dynamic -dynamic-linker /lib/ld-linux.so.2 -o cmTC_83137 /usr/lib/gcc/i686-pc-linux-gnu/5.2.0/../../../crt1.o /usr/lib/gcc/i686-pc-linux-gnu/5.2.0/../../../crti.o /usr/lib/gcc/i686-pc-linux-gnu/5.2.0/crtbegin.o -L/usr/lib/gcc/i686-pc-linux-gnu/5.2.0 -L/usr/lib/gcc/i686-pc-linux-gnu/5.2.0/../../.. CMakeFiles/cmTC_83137.dir/CMakeCCompilerABI.c.o -lgcc --as-needed -lgcc_s --no-as-needed -lc -lgcc --as-needed -lgcc_s --no-as-needed /usr/lib/gcc/i686-pc-linux-gnu/5.2.0/crtend.o /usr/lib/gcc/i686-pc-linux-gnu/5.2.0/../../../crtn.o]
    arg [/usr/lib/gcc/i686-pc-linux-gnu/5.2.0/collect2] ==> ignore
    arg [-plugin] ==> ignore
    arg [/usr/lib/gcc/i686-pc-linux-gnu/5.2.0/liblto_plugin.so] ==> ignore
    arg [-plugin-opt=/usr/lib/gcc/i686-pc-linux-gnu/5.2.0/lto-wrapper] ==> ignore
    arg [-plugin-opt=-fresolution=/tmp/ccu3Pp9g.res] ==> ignore
    arg [-plugin-opt=-pass-through=-lgcc] ==> ignore
    arg [-plugin-opt=-pass-through=-lgcc_s] ==> ignore
    arg [-plugin-opt=-pass-through=-lc] ==> ignore
    arg [-plugin-opt=-pass-through=-lgcc] ==> ignore
    arg [-plugin-opt=-pass-through=-lgcc_s] ==> ignore
    arg [--build-id] ==> ignore
    arg [--eh-frame-hdr] ==> ignore
    arg [--hash-style=gnu] ==> ignore
    arg [-m] ==> ignore
    arg [elf_i386] ==> ignore
    arg [-export-dynamic] ==> ignore
    arg [-dynamic-linker] ==> ignore
    arg [/lib/ld-linux.so.2] ==> ignore
    arg [-o] ==> ignore
    arg [cmTC_83137] ==> ignore
    arg [/usr/lib/gcc/i686-pc-linux-gnu/5.2.0/../../../crt1.o] ==> ignore
    arg [/usr/lib/gcc/i686-pc-linux-gnu/5.2.0/../../../crti.o] ==> ignore
    arg [/usr/lib/gcc/i686-pc-linux-gnu/5.2.0/crtbegin.o] ==> ignore
    arg [-L/usr/lib/gcc/i686-pc-linux-gnu/5.2.0] ==> dir [/usr/lib/gcc/i686-pc-linux-gnu/5.2.0]
    arg [-L/usr/lib/gcc/i686-pc-linux-gnu/5.2.0/../../..] ==> dir [/usr/lib/gcc/i686-pc-linux-gnu/5.2.0/../../..]
    arg [CMakeFiles/cmTC_83137.dir/CMakeCCompilerABI.c.o] ==> ignore
    arg [-lgcc] ==> lib [gcc]
    arg [--as-needed] ==> ignore
    arg [-lgcc_s] ==> lib [gcc_s]
    arg [--no-as-needed] ==> ignore
    arg [-lc] ==> lib [c]
    arg [-lgcc] ==> lib [gcc]
    arg [--as-needed] ==> ignore
    arg [-lgcc_s] ==> lib [gcc_s]
    arg [--no-as-needed] ==> ignore
    arg [/usr/lib/gcc/i686-pc-linux-gnu/5.2.0/crtend.o] ==> ignore
    arg [/usr/lib/gcc/i686-pc-linux-gnu/5.2.0/../../../crtn.o] ==> ignore
  remove lib [gcc]
  remove lib [gcc_s]
  remove lib [gcc]
  remove lib [gcc_s]
  collapse library dir [/usr/lib/gcc/i686-pc-linux-gnu/5.2.0] ==> [/usr/lib/gcc/i686-pc-linux-gnu/5.2.0]
  collapse library dir [/usr/lib/gcc/i686-pc-linux-gnu/5.2.0/../../..] ==> [/usr/lib]
  implicit libs: [c]
  implicit dirs: [/usr/lib/gcc/i686-pc-linux-gnu/5.2.0;/usr/lib]
  implicit fwks: []




Detecting C [-std=c11] compiler features compiled with the following output:
Change Dir: /home/cg/shared/cg_exercise_01/01_colors/build/CMakeFiles/CMakeTmp

Run Build Command:"/usr/bin/make" "cmTC_5fb69/fast"
make: Warning: File 'Makefile' has modification time 1.5 s in the future
/usr/bin/make -f CMakeFiles/cmTC_5fb69.dir/build.make CMakeFiles/cmTC_5fb69.dir/build
make[1]: Entering directory '/home/cg/shared/cg_exercise_01/01_colors/build/CMakeFiles/CMakeTmp'
make[1]: Warning: File 'CMakeFiles/cmTC_5fb69.dir/flags.make' has modification time 1.5 s in the future
Building C object CMakeFiles/cmTC_5fb69.dir/feature_tests.c.o
/usr/bin/cc   -std=c11 -o CMakeFiles/cmTC_5fb69.dir/feature_tests.c.o   -c /home/cg/shared/cg_exercise_01/01_colors/build/CMakeFiles/feature_tests.c
Linking C executable cmTC_5fb69
/usr/bin/cmake -E cmake_link_script CMakeFiles/cmTC_5fb69.dir/link.txt --verbose=1
/usr/bin/cc       CMakeFiles/cmTC_5fb69.dir/feature_tests.c.o  -o cmTC_5fb69 -rdynamic 
make[1]: Leaving directory '/home/cg/shared/cg_exercise_01/01_colors/build/CMakeFiles/CMakeTmp'
make[1]: warning:  Clock skew detected.  Your build may be incomplete.
make: warning:  Clock skew detected.  Your build may be incomplete.


    Feature record: C_FEATURE:1c_function_prototypes
    Feature record: C_FEATURE:1c_restrict
    Feature record: C_FEATURE:1c_static_assert
    Feature record: C_FEATURE:1c_variadic_macros


Detecting C [-std=c99] compiler features compiled with the following output:
Change Dir: /home/cg/shared/cg_exercise_01/01_colors/build/CMakeFiles/CMakeTmp

Run Build Command:"/usr/bin/make" "cmTC_b7b84/fast"
make: Warning: File 'Makefile' has modification time 1.5 s in the future
/usr/bin/make -f CMakeFiles/cmTC_b7b84.dir/build.make CMakeFiles/cmTC_b7b84.dir/build
make[1]: Entering directory '/home/cg/shared/cg_exercise_01/01_colors/build/CMakeFiles/CMakeTmp'
make[1]: Warning: File 'CMakeFiles/cmTC_b7b84.dir/flags.make' has modification time 1.5 s in the future
Building C object CMakeFiles/cmTC_b7b84.dir/feature_tests.c.o
/usr/bin/cc   -std=c99 -o CMakeFiles/cmTC_b7b84.dir/feature_tests.c.o   -c /home/cg/shared/cg_exercise_01/01_colors/build/CMakeFiles/feature_tests.c
Linking C executable cmTC_b7b84
/usr/bin/cmake -E cmake_link_script CMakeFiles/cmTC_b7b84.dir/link.txt --verbose=1
/usr/bin/cc       CMakeFiles/cmTC_b7b84.dir/feature_tests.c.o  -o cmTC_b7b84 -rdynamic 
make[1]: Leaving directory '/home/cg/shared/cg_exercise_01/01_colors/build/CMakeFiles/CMakeTmp'
make[1]: warning:  Clock skew detected.  Your build may be incomplete.
make: warning:  Clock skew detected.  Your build may be incomplete.


    Feature record: C_FEATURE:1c_function_prototypes
    Feature record: C_FEATURE:1c_restrict
    Feature record: C_FEATURE:0c_static_assert
    Feature record: C_FEATURE:1c_variadic_macros


Detecting C [-std=c90] compiler features compiled with the following output:
Change Dir: /home/cg/shared/cg_exercise_01/01_colors/build/CMakeFiles/CMakeTmp

Run Build Command:"/usr/bin/make" "cmTC_36ed4/fast"
/usr/bin/make -f CMakeFiles/cmTC_36ed4.dir/build.make CMakeFiles/cmTC_36ed4.dir/build
make: Warning: File 'Makefile' has modification time 1.5 s in the future
make[1]: Entering directory '/home/cg/shared/cg_exercise_01/01_colors/build/CMakeFiles/CMakeTmp'
make[1]: Warning: File 'CMakeFiles/cmTC_36ed4.dir/flags.make' has modification time 1.5 s in the future
Building C object CMakeFiles/cmTC_36ed4.dir/feature_tests.c.o
/usr/bin/cc   -std=c90 -o CMakeFiles/cmTC_36ed4.dir/feature_tests.c.o   -c /home/cg/shared/cg_exercise_01/01_colors/build/CMakeFiles/feature_tests.c
Linking C executable cmTC_36ed4
/usr/bin/cmake -E cmake_link_script CMakeFiles/cmTC_36ed4.dir/link.txt --verbose=1
/usr/bin/cc       CMakeFiles/cmTC_36ed4.dir/feature_tests.c.o  -o cmTC_36ed4 -rdynamic 
make[1]: Leaving directory '/home/cg/shared/cg_exercise_01/01_colors/build/CMakeFiles/CMakeTmp'
make[1]: warning:  Clock skew detected.  Your build may be incomplete.
make: warning:  Clock skew detected.  Your build may be incomplete.


    Feature record: C_FEATURE:1c_function_prototypes
    Feature record: C_FEATURE:0c_restrict
    Feature record: C_FEATURE:0c_static_assert
    Feature record: C_FEATURE:0c_variadic_macros
Determining if the CXX compiler works passed with the following output:
Change Dir: /home/cg/shared/cg_exercise_01/01_colors/build/CMakeFiles/CMakeTmp

Run Build Command:"/usr/bin/make" "cmTC_91a08/fast"
make: Warning: File 'Makefile' has modification time 1.5 s in the future
/usr/bin/make -f CMakeFiles/cmTC_91a08.dir/build.make CMakeFiles/cmTC_91a08.dir/build
make[1]: Entering directory '/home/cg/shared/cg_exercise_01/01_colors/build/CMakeFiles/CMakeTmp'
make[1]: Warning: File 'CMakeFiles/cmTC_91a08.dir/flags.make' has modification time 1.5 s in the future
Building CXX object CMakeFiles/cmTC_91a08.dir/testCXXCompiler.cxx.o
/usr/bin/c++     -o CMakeFiles/cmTC_91a08.dir/testCXXCompiler.cxx.o -c /home/cg/shared/cg_exercise_01/01_colors/build/CMakeFiles/CMakeTmp/testCXXCompiler.cxx
Linking CXX executable cmTC_91a08
/usr/bin/cmake -E cmake_link_script CMakeFiles/cmTC_91a08.dir/link.txt --verbose=1
/usr/bin/c++        CMakeFiles/cmTC_91a08.dir/testCXXCompiler.cxx.o  -o cmTC_91a08 -rdynamic 
make[1]: Leaving directory '/home/cg/shared/cg_exercise_01/01_colors/build/CMakeFiles/CMakeTmp'
make[1]: warning:  Clock skew detected.  Your build may be incomplete.
make: warning:  Clock skew detected.  Your build may be incomplete.


Detecting CXX compiler ABI info compiled with the following output:
Change Dir: /home/cg/shared/cg_exercise_01/01_colors/build/CMakeFiles/CMakeTmp

Run Build Command:"/usr/bin/make" "cmTC_02ccd/fast"
make: Warning: File 'Makefile' has modification time 1.5 s in the future
/usr/bin/make -f CMakeFiles/cmTC_02ccd.dir/build.make CMakeFiles/cmTC_02ccd.dir/build
make[1]: Entering directory '/home/cg/shared/cg_exercise_01/01_colors/build/CMakeFiles/CMakeTmp'
make[1]: Warning: File 'CMakeFiles/cmTC_02ccd.dir/flags.make' has modification time 1.5 s in the future
Building CXX object CMakeFiles/cmTC_02ccd.dir/CMakeCXXCompilerABI.cpp.o
/usr/bin/c++     -o CMakeFiles/cmTC_02ccd.dir/CMakeCXXCompilerABI.cpp.o -c /usr/share/cmake-3.3/Modules/CMakeCXXCompilerABI.cpp
Linking CXX executable cmTC_02ccd
/usr/bin/cmake -E cmake_link_script CMakeFiles/cmTC_02ccd.dir/link.txt --verbose=1
/usr/bin/c++       -v CMakeFiles/cmTC_02ccd.dir/CMakeCXXCompilerABI.cpp.o  -o cmTC_02ccd -rdynamic  
Using built-in specs.
COLLECT_GCC=/usr/bin/c++
COLLECT_LTO_WRAPPER=/usr/lib/gcc/i686-pc-linux-gnu/5.2.0/lto-wrapper
Target: i686-pc-linux-gnu
Configured with: /build/gcc/src/gcc-5.2.0/configure --prefix=/usr --libdir=/usr/lib --libexecdir=/usr/lib --mandir=/usr/share/man --infodir=/usr/share/info --with-bugurl=https://bugs.archlinux.org/ --enable-languages=c,c++,ada,fortran,go,lto,objc,obj-c++ --enable-shared --enable-threads=posix --enable-libmpx --with-system-zlib --with-isl --enable-__cxa_atexit --disable-libunwind-exceptions --enable-clocale=gnu --disable-libstdcxx-pch --disable-libssp --enable-gnu-unique-object --enable-linker-build-id --enable-lto --enable-plugin --enable-install-libiberty --with-linker-hash-style=gnu --enable-gnu-indirect-function --disable-multilib --disable-werror --enable-checking=release --with-default-libstdcxx-abi=gcc4-compatible
Thread model: posix
gcc version 5.2.0 (GCC) 
COMPILER_PATH=/usr/lib/gcc/i686-pc-linux-gnu/5.2.0/:/usr/lib/gcc/i686-pc-linux-gnu/5.2.0/:/usr/lib/gcc/i686-pc-linux-gnu/:/usr/lib/gcc/i686-pc-linux-gnu/5.2.0/:/usr/lib/gcc/i686-pc-linux-gnu/
LIBRARY_PATH=/usr/lib/gcc/i686-pc-linux-gnu/5.2.0/:/usr/lib/gcc/i686-pc-linux-gnu/5.2.0/../../../:/lib/:/usr/lib/
COLLECT_GCC_OPTIONS='-v' '-o' 'cmTC_02ccd' '-rdynamic' '-shared-libgcc' '-mtune=generic' '-march=pentiumpro'
 /usr/lib/gcc/i686-pc-linux-gnu/5.2.0/collect2 -plugin /usr/lib/gcc/i686-pc-linux-gnu/5.2.0/liblto_plugin.so -plugin-opt=/usr/lib/gcc/i686-pc-linux-gnu/5.2.0/lto-wrapper -plugin-opt=-fresolution=/tmp/cctTbJwM.res -plugin-opt=-pass-through=-lgcc_s -plugin-opt=-pass-through=-lgcc -plugin-opt=-pass-through=-lc -plugin-opt=-pass-through=-lgcc_s -plugin-opt=-pass-through=-lgcc --build-id --eh-frame-hdr --hash-style=gnu -m elf_i386 -export-dynamic -dynamic-linker /lib/ld-linux.so.2 -o cmTC_02ccd /usr/lib/gcc/i686-pc-linux-gnu/5.2.0/../../../crt1.o /usr/lib/gcc/i686-pc-linux-gnu/5.2.0/../../../crti.o /usr/lib/gcc/i686-pc-linux-gnu/5.2.0/crtbegin.o -L/usr/lib/gcc/i686-pc-linux-gnu/5.2.0 -L/usr/lib/gcc/i686-pc-linux-gnu/5.2.0/../../.. CMakeFiles/cmTC_02ccd.dir/CMakeCXXCompilerABI.cpp.o -lstdc++ -lm -lgcc_s -lgcc -lc -lgcc_s -lgcc /usr/lib/gcc/i686-pc-linux-gnu/5.2.0/crtend.o /usr/lib/gcc/i686-pc-linux-gnu/5.2.0/../../../crtn.o
make[1]: Leaving directory '/home/cg/shared/cg_exercise_01/01_colors/build/CMakeFiles/CMakeTmp'
make[1]: warning:  Clock skew detected.  Your build may be incomplete.
make: warning:  Clock skew detected.  Your build may be incomplete.


Parsed CXX implicit link information from above output:
  link line regex: [^( *|.*[/\])(ld|([^/\]+-)?ld|collect2)[^/\]*( |$)]
  ignore line: [Change Dir: /home/cg/shared/cg_exercise_01/01_colors/build/CMakeFiles/CMakeTmp]
  ignore line: []
  ignore line: [Run Build Command:"/usr/bin/make" "cmTC_02ccd/fast"]
  ignore line: [make: Warning: File 'Makefile' has modification time 1.5 s in the future]
  ignore line: [/usr/bin/make -f CMakeFiles/cmTC_02ccd.dir/build.make CMakeFiles/cmTC_02ccd.dir/build]
  ignore line: [make[1]: Entering directory '/home/cg/shared/cg_exercise_01/01_colors/build/CMakeFiles/CMakeTmp']
  ignore line: [make[1]: Warning: File 'CMakeFiles/cmTC_02ccd.dir/flags.make' has modification time 1.5 s in the future]
  ignore line: [Building CXX object CMakeFiles/cmTC_02ccd.dir/CMakeCXXCompilerABI.cpp.o]
  ignore line: [/usr/bin/c++     -o CMakeFiles/cmTC_02ccd.dir/CMakeCXXCompilerABI.cpp.o -c /usr/share/cmake-3.3/Modules/CMakeCXXCompilerABI.cpp]
  ignore line: [Linking CXX executable cmTC_02ccd]
  ignore line: [/usr/bin/cmake -E cmake_link_script CMakeFiles/cmTC_02ccd.dir/link.txt --verbose=1]
  ignore line: [/usr/bin/c++       -v CMakeFiles/cmTC_02ccd.dir/CMakeCXXCompilerABI.cpp.o  -o cmTC_02ccd -rdynamic  ]
  ignore line: [Using built-in specs.]
  ignore line: [COLLECT_GCC=/usr/bin/c++]
  ignore line: [COLLECT_LTO_WRAPPER=/usr/lib/gcc/i686-pc-linux-gnu/5.2.0/lto-wrapper]
  ignore line: [Target: i686-pc-linux-gnu]
  ignore line: [Configured with: /build/gcc/src/gcc-5.2.0/configure --prefix=/usr --libdir=/usr/lib --libexecdir=/usr/lib --mandir=/usr/share/man --infodir=/usr/share/info --with-bugurl=https://bugs.archlinux.org/ --enable-languages=c,c++,ada,fortran,go,lto,objc,obj-c++ --enable-shared --enable-threads=posix --enable-libmpx --with-system-zlib --with-isl --enable-__cxa_atexit --disable-libunwind-exceptions --enable-clocale=gnu --disable-libstdcxx-pch --disable-libssp --enable-gnu-unique-object --enable-linker-build-id --enable-lto --enable-plugin --enable-install-libiberty --with-linker-hash-style=gnu --enable-gnu-indirect-function --disable-multilib --disable-werror --enable-checking=release --with-default-libstdcxx-abi=gcc4-compatible]
  ignore line: [Thread model: posix]
  ignore line: [gcc version 5.2.0 (GCC) ]
  ignore line: [COMPILER_PATH=/usr/lib/gcc/i686-pc-linux-gnu/5.2.0/:/usr/lib/gcc/i686-pc-linux-gnu/5.2.0/:/usr/lib/gcc/i686-pc-linux-gnu/:/usr/lib/gcc/i686-pc-linux-gnu/5.2.0/:/usr/lib/gcc/i686-pc-linux-gnu/]
  ignore line: [LIBRARY_PATH=/usr/lib/gcc/i686-pc-linux-gnu/5.2.0/:/usr/lib/gcc/i686-pc-linux-gnu/5.2.0/../../../:/lib/:/usr/lib/]
  ignore line: [COLLECT_GCC_OPTIONS='-v' '-o' 'cmTC_02ccd' '-rdynamic' '-shared-libgcc' '-mtune=generic' '-march=pentiumpro']
  link line: [ /usr/lib/gcc/i686-pc-linux-gnu/5.2.0/collect2 -plugin /usr/lib/gcc/i686-pc-linux-gnu/5.2.0/liblto_plugin.so -plugin-opt=/usr/lib/gcc/i686-pc-linux-gnu/5.2.0/lto-wrapper -plugin-opt=-fresolution=/tmp/cctTbJwM.res -plugin-opt=-pass-through=-lgcc_s -plugin-opt=-pass-through=-lgcc -plugin-opt=-pass-through=-lc -plugin-opt=-pass-through=-lgcc_s -plugin-opt=-pass-through=-lgcc --build-id --eh-frame-hdr --hash-style=gnu -m elf_i386 -export-dynamic -dynamic-linker /lib/ld-linux.so.2 -o cmTC_02ccd /usr/lib/gcc/i686-pc-linux-gnu/5.2.0/../../../crt1.o /usr/lib/gcc/i686-pc-linux-gnu/5.2.0/../../../crti.o /usr/lib/gcc/i686-pc-linux-gnu/5.2.0/crtbegin.o -L/usr/lib/gcc/i686-pc-linux-gnu/5.2.0 -L/usr/lib/gcc/i686-pc-linux-gnu/5.2.0/../../.. CMakeFiles/cmTC_02ccd.dir/CMakeCXXCompilerABI.cpp.o -lstdc++ -lm -lgcc_s -lgcc -lc -lgcc_s -lgcc /usr/lib/gcc/i686-pc-linux-gnu/5.2.0/crtend.o /usr/lib/gcc/i686-pc-linux-gnu/5.2.0/../../../crtn.o]
    arg [/usr/lib/gcc/i686-pc-linux-gnu/5.2.0/collect2] ==> ignore
    arg [-plugin] ==> ignore
    arg [/usr/lib/gcc/i686-pc-linux-gnu/5.2.0/liblto_plugin.so] ==> ignore
    arg [-plugin-opt=/usr/lib/gcc/i686-pc-linux-gnu/5.2.0/lto-wrapper] ==> ignore
    arg [-plugin-opt=-fresolution=/tmp/cctTbJwM.res] ==> ignore
    arg [-plugin-opt=-pass-through=-lgcc_s] ==> ignore
    arg [-plugin-opt=-pass-through=-lgcc] ==> ignore
    arg [-plugin-opt=-pass-through=-lc] ==> ignore
    arg [-plugin-opt=-pass-through=-lgcc_s] ==> ignore
    arg [-plugin-opt=-pass-through=-lgcc] ==> ignore
    arg [--build-id] ==> ignore
    arg [--eh-frame-hdr] ==> ignore
    arg [--hash-style=gnu] ==> ignore
    arg [-m] ==> ignore
    arg [elf_i386] ==> ignore
    arg [-export-dynamic] ==> ignore
    arg [-dynamic-linker] ==> ignore
    arg [/lib/ld-linux.so.2] ==> ignore
    arg [-o] ==> ignore
    arg [cmTC_02ccd] ==> ignore
    arg [/usr/lib/gcc/i686-pc-linux-gnu/5.2.0/../../../crt1.o] ==> ignore
    arg [/usr/lib/gcc/i686-pc-linux-gnu/5.2.0/../../../crti.o] ==> ignore
    arg [/usr/lib/gcc/i686-pc-linux-gnu/5.2.0/crtbegin.o] ==> ignore
    arg [-L/usr/lib/gcc/i686-pc-linux-gnu/5.2.0] ==> dir [/usr/lib/gcc/i686-pc-linux-gnu/5.2.0]
    arg [-L/usr/lib/gcc/i686-pc-linux-gnu/5.2.0/../../..] ==> dir [/usr/lib/gcc/i686-pc-linux-gnu/5.2.0/../../..]
    arg [CMakeFiles/cmTC_02ccd.dir/CMakeCXXCompilerABI.cpp.o] ==> ignore
    arg [-lstdc++] ==> lib [stdc++]
    arg [-lm] ==> lib [m]
    arg [-lgcc_s] ==> lib [gcc_s]
    arg [-lgcc] ==> lib [gcc]
    arg [-lc] ==> lib [c]
    arg [-lgcc_s] ==> lib [gcc_s]
    arg [-lgcc] ==> lib [gcc]
    arg [/usr/lib/gcc/i686-pc-linux-gnu/5.2.0/crtend.o] ==> ignore
    arg [/usr/lib/gcc/i686-pc-linux-gnu/5.2.0/../../../crtn.o] ==> ignore
  remove lib [gcc_s]
  remove lib [gcc]
  remove lib [gcc_s]
  remove lib [gcc]
  collapse library dir [/usr/lib/gcc/i686-pc-linux-gnu/5.2.0] ==> [/usr/lib/gcc/i686-pc-linux-gnu/5.2.0]
  collapse library dir [/usr/lib/gcc/i686-pc-linux-gnu/5.2.0/../../..] ==> [/usr/lib]
  implicit libs: [stdc++;m;c]
  implicit dirs: [/usr/lib/gcc/i686-pc-linux-gnu/5.2.0;/usr/lib]
  implicit fwks: []




Detecting CXX [-std=c++14] compiler features compiled with the following output:
Change Dir: /home/cg/shared/cg_exercise_01/01_colors/build/CMakeFiles/CMakeTmp

Run Build Command:"/usr/bin/make" "cmTC_5f46d/fast"
make: Warning: File 'Makefile' has modification time 1.5 s in the future
/usr/bin/make -f CMakeFiles/cmTC_5f46d.dir/build.make CMakeFiles/cmTC_5f46d.dir/build
make[1]: Entering directory '/home/cg/shared/cg_exercise_01/01_colors/build/CMakeFiles/CMakeTmp'
make[1]: Warning: File 'CMakeFiles/cmTC_5f46d.dir/flags.make' has modification time 1.5 s in the future
Building CXX object CMakeFiles/cmTC_5f46d.dir/feature_tests.cxx.o
/usr/bin/c++    -std=c++14 -o CMakeFiles/cmTC_5f46d.dir/feature_tests.cxx.o -c /home/cg/shared/cg_exercise_01/01_colors/build/CMakeFiles/feature_tests.cxx
Linking CXX executable cmTC_5f46d
/usr/bin/cmake -E cmake_link_script CMakeFiles/cmTC_5f46d.dir/link.txt --verbose=1
/usr/bin/c++        CMakeFiles/cmTC_5f46d.dir/feature_tests.cxx.o  -o cmTC_5f46d -rdynamic 
make[1]: Leaving directory '/home/cg/shared/cg_exercise_01/01_colors/build/CMakeFiles/CMakeTmp'
make[1]: warning:  Clock skew detected.  Your build may be incomplete.
make: warning:  Clock skew detected.  Your build may be incomplete.


    Feature record: CXX_FEATURE:1cxx_aggregate_default_initializers
    Feature record: CXX_FEATURE:1cxx_alias_templates
    Feature record: CXX_FEATURE:1cxx_alignas
    Feature record: CXX_FEATURE:1cxx_alignof
    Feature record: CXX_FEATURE:1cxx_attributes
    Feature record: CXX_FEATURE:1cxx_attribute_deprecated
    Feature record: CXX_FEATURE:1cxx_auto_type
    Feature record: CXX_FEATURE:1cxx_binary_literals
    Feature record: CXX_FEATURE:1cxx_constexpr
    Feature record: CXX_FEATURE:1cxx_contextual_conversions
    Feature record: CXX_FEATURE:1cxx_decltype
    Feature record: CXX_FEATURE:1cxx_decltype_auto
    Feature record: CXX_FEATURE:1cxx_decltype_incomplete_return_types
    Feature record: CXX_FEATURE:1cxx_default_function_template_args
    Feature record: CXX_FEATURE:1cxx_defaulted_functions
    Feature record: CXX_FEATURE:1cxx_defaulted_move_initializers
    Feature record: CXX_FEATURE:1cxx_delegating_constructors
    Feature record: CXX_FEATURE:1cxx_deleted_functions
    Feature record: CXX_FEATURE:1cxx_digit_separators
    Feature record: CXX_FEATURE:1cxx_enum_forward_declarations
    Feature record: CXX_FEATURE:1cxx_explicit_conversions
    Feature record: CXX_FEATURE:1cxx_extended_friend_declarations
    Feature record: CXX_FEATURE:1cxx_extern_templates
    Feature record: CXX_FEATURE:1cxx_final
    Feature record: CXX_FEATURE:1cxx_func_identifier
    Feature record: CXX_FEATURE:1cxx_generalized_initializers
    Feature record: CXX_FEATURE:1cxx_generic_lambdas
    Feature record: CXX_FEATURE:1cxx_inheriting_constructors
    Feature record: CXX_FEATURE:1cxx_inline_namespaces
    Feature record: CXX_FEATURE:1cxx_lambdas
    Feature record: CXX_FEATURE:1cxx_lambda_init_captures
    Feature record: CXX_FEATURE:1cxx_local_type_template_args
    Feature record: CXX_FEATURE:1cxx_long_long_type
    Feature record: CXX_FEATURE:1cxx_noexcept
    Feature record: CXX_FEATURE:1cxx_nonstatic_member_init
    Feature record: CXX_FEATURE:1cxx_nullptr
    Feature record: CXX_FEATURE:1cxx_override
    Feature record: CXX_FEATURE:1cxx_range_for
    Feature record: CXX_FEATURE:1cxx_raw_string_literals
    Feature record: CXX_FEATURE:1cxx_reference_qualified_functions
    Feature record: CXX_FEATURE:1cxx_relaxed_constexpr
    Feature record: CXX_FEATURE:1cxx_return_type_deduction
    Feature record: CXX_FEATURE:1cxx_right_angle_brackets
    Feature record: CXX_FEATURE:1cxx_rvalue_references
    Feature record: CXX_FEATURE:1cxx_sizeof_member
    Feature record: CXX_FEATURE:1cxx_static_assert
    Feature record: CXX_FEATURE:1cxx_strong_enums
    Feature record: CXX_FEATURE:1cxx_template_template_parameters
    Feature record: CXX_FEATURE:1cxx_thread_local
    Feature record: CXX_FEATURE:1cxx_trailing_return_types
    Feature record: CXX_FEATURE:1cxx_unicode_literals
    Feature record: CXX_FEATURE:1cxx_uniform_initialization
    Feature record: CXX_FEATURE:1cxx_unrestricted_unions
    Feature record: CXX_FEATURE:1cxx_user_literals
    Feature record: CXX_FEATURE:1cxx_variable_templates
    Feature record: CXX_FEATURE:1cxx_variadic_macros
    Feature record: CXX_FEATURE:1cxx_variadic_templates


Detecting CXX [-std=c++11] compiler features compiled with the following output:
Change Dir: /home/cg/shared/cg_exercise_01/01_colors/build/CMakeFiles/CMakeTmp

Run Build Command:"/usr/bin/make" "cmTC_69651/fast"
make: Warning: File 'Makefile' has modification time 1.5 s in the future
/usr/bin/make -f CMakeFiles/cmTC_69651.dir/build.make CMakeFiles/cmTC_69651.dir/build
make[1]: Entering directory '/home/cg/shared/cg_exercise_01/01_colors/build/CMakeFiles/CMakeTmp'
make[1]: Warning: File 'CMakeFiles/cmTC_69651.dir/flags.make' has modification time 1.5 s in the future
Building CXX object CMakeFiles/cmTC_69651.dir/feature_tests.cxx.o
/usr/bin/c++    -std=c++11 -o CMakeFiles/cmTC_69651.dir/feature_tests.cxx.o -c /home/cg/shared/cg_exercise_01/01_colors/build/CMakeFiles/feature_tests.cxx
Linking CXX executable cmTC_69651
/usr/bin/cmake -E cmake_link_script CMakeFiles/cmTC_69651.dir/link.txt --verbose=1
/usr/bin/c++        CMakeFiles/cmTC_69651.dir/feature_tests.cxx.o  -o cmTC_69651 -rdynamic 
make[1]: Leaving directory '/home/cg/shared/cg_exercise_01/01_colors/build/CMakeFiles/CMakeTmp'
make[1]: warning:  Clock skew detected.  Your build may be incomplete.
make: warning:  Clock skew detected.  Your build may be incomplete.


    Feature record: CXX_FEATURE:0cxx_aggregate_default_initializers
    Feature record: CXX_FEATURE:1cxx_alias_templates
    Feature record: CXX_FEATURE:1cxx_alignas
    Feature record: CXX_FEATURE:1cxx_alignof
    Feature record: CXX_FEATURE:1cxx_attributes
    Feature record: CXX_FEATURE:0cxx_attribute_deprecated
    Feature record: CXX_FEATURE:1cxx_auto_type
    Feature record: CXX_FEATURE:0cxx_binary_literals
    Feature record: CXX_FEATURE:1cxx_constexpr
    Feature record: CXX_FEATURE:0cxx_contextual_conversions
    Feature record: CXX_FEATURE:1cxx_decltype
    Feature record: CXX_FEATURE:0cxx_decltype_auto
    Feature record: CXX_FEATURE:1cxx_decltype_incomplete_return_types
    Feature record: CXX_FEATURE:1cxx_default_function_template_args
    Feature record: CXX_FEATURE:1cxx_defaulted_functions
    Feature record: CXX_FEATURE:1cxx_defaulted_move_initializers
    Feature record: CXX_FEATURE:1cxx_delegating_constructors
    Feature record: CXX_FEATURE:1cxx_deleted_functions
    Feature record: CXX_FEATURE:0cxx_digit_separators
    Feature record: CXX_FEATURE:1cxx_enum_forward_declarations
    Feature record: CXX_FEATURE:1cxx_explicit_conversions
    Feature record: CXX_FEATURE:1cxx_extended_friend_declarations
    Feature record: CXX_FEATURE:1cxx_extern_templates
    Feature record: CXX_FEATURE:1cxx_final
    Feature record: CXX_FEATURE:1cxx_func_identifier
    Feature record: CXX_FEATURE:1cxx_generalized_initializers
    Feature record: CXX_FEATURE:0cxx_generic_lambdas
    Feature record: CXX_FEATURE:1cxx_inheriting_constructors
    Feature record: CXX_FEATURE:1cxx_inline_namespaces
    Feature record: CXX_FEATURE:1cxx_lambdas
    Feature record: CXX_FEATURE:0cxx_lambda_init_captures
    Feature record: CXX_FEATURE:1cxx_local_type_template_args
    Feature record: CXX_FEATURE:1cxx_long_long_type
    Feature record: CXX_FEATURE:1cxx_noexcept
    Feature record: CXX_FEATURE:1cxx_nonstatic_member_init
    Feature record: CXX_FEATURE:1cxx_nullptr
    Feature record: CXX_FEATURE:1cxx_override
    Feature record: CXX_FEATURE:1cxx_range_for
    Feature record: CXX_FEATURE:1cxx_raw_string_literals
    Feature record: CXX_FEATURE:1cxx_reference_qualified_functions
    Feature record: CXX_FEATURE:0cxx_relaxed_constexpr
    Feature record: CXX_FEATURE:0cxx_return_type_deduction
    Feature record: CXX_FEATURE:1cxx_right_angle_brackets
    Feature record: CXX_FEATURE:1cxx_rvalue_references
    Feature record: CXX_FEATURE:1cxx_sizeof_member
    Feature record: CXX_FEATURE:1cxx_static_assert
    Feature record: CXX_FEATURE:1cxx_strong_enums
    Feature record: CXX_FEATURE:1cxx_template_template_parameters
    Feature record: CXX_FEATURE:1cxx_thread_local
    Feature record: CXX_FEATURE:1cxx_trailing_return_types
    Feature record: CXX_FEATURE:1cxx_unicode_literals
    Feature record: CXX_FEATURE:1cxx_uniform_initialization
    Feature record: CXX_FEATURE:1cxx_unrestricted_unions
    Feature record: CXX_FEATURE:1cxx_user_literals
    Feature record: CXX_FEATURE:0cxx_variable_templates
    Feature record: CXX_FEATURE:1cxx_variadic_macros
    Feature record: CXX_FEATURE:1cxx_variadic_templates


Detecting CXX [-std=c++98] compiler features compiled with the following output:
Change Dir: /home/cg/shared/cg_exercise_01/01_colors/build/CMakeFiles/CMakeTmp

Run Build Command:"/usr/bin/make" "cmTC_9e3af/fast"
make: Warning: File 'Makefile' has modification time 1.5 s in the future
/usr/bin/make -f CMakeFiles/cmTC_9e3af.dir/build.make CMakeFiles/cmTC_9e3af.dir/build
make[1]: Entering directory '/home/cg/shared/cg_exercise_01/01_colors/build/CMakeFiles/CMakeTmp'
make[1]: Warning: File 'CMakeFiles/cmTC_9e3af.dir/flags.make' has modification time 1.5 s in the future
Building CXX object CMakeFiles/cmTC_9e3af.dir/feature_tests.cxx.o
/usr/bin/c++    -std=c++98 -o CMakeFiles/cmTC_9e3af.dir/feature_tests.cxx.o -c /home/cg/shared/cg_exercise_01/01_colors/build/CMakeFiles/feature_tests.cxx
Linking CXX executable cmTC_9e3af
/usr/bin/cmake -E cmake_link_script CMakeFiles/cmTC_9e3af.dir/link.txt --verbose=1
/usr/bin/c++        CMakeFiles/cmTC_9e3af.dir/feature_tests.cxx.o  -o cmTC_9e3af -rdynamic 
make[1]: Leaving directory '/home/cg/shared/cg_exercise_01/01_colors/build/CMakeFiles/CMakeTmp'
make[1]: warning:  Clock skew detected.  Your build may be incomplete.
make: warning:  Clock skew detected.  Your build may be incomplete.


    Feature record: CXX_FEATURE:0cxx_aggregate_default_initializers
    Feature record: CXX_FEATURE:0cxx_alias_templates
    Feature record: CXX_FEATURE:0cxx_alignas
    Feature record: CXX_FEATURE:0cxx_alignof
    Feature record: CXX_FEATURE:0cxx_attributes
    Feature record: CXX_FEATURE:0cxx_attribute_deprecated
    Feature record: CXX_FEATURE:0cxx_auto_type
    Feature record: CXX_FEATURE:0cxx_binary_literals
    Feature record: CXX_FEATURE:0cxx_constexpr
    Feature record: CXX_FEATURE:0cxx_contextual_conversions
    Feature record: CXX_FEATURE:0cxx_decltype
    Feature record: CXX_FEATURE:0cxx_decltype_auto
    Feature record: CXX_FEATURE:0cxx_decltype_incomplete_return_types
    Feature record: CXX_FEATURE:0cxx_default_function_template_args
    Feature record: CXX_FEATURE:0cxx_defaulted_functions
    Feature record: CXX_FEATURE:0cxx_defaulted_move_initializers
    Feature record: CXX_FEATURE:0cxx_delegating_constructors
    Feature record: CXX_FEATURE:0cxx_deleted_functions
    Feature record: CXX_FEATURE:0cxx_digit_separators
    Feature record: CXX_FEATURE:0cxx_enum_forward_declarations
    Feature record: CXX_FEATURE:0cxx_explicit_conversions
    Feature record: CXX_FEATURE:0cxx_extended_friend_declarations
    Feature record: CXX_FEATURE:0cxx_extern_templates
    Feature record: CXX_FEATURE:0cxx_final
    Feature record: CXX_FEATURE:0cxx_func_identifier
    Feature record: CXX_FEATURE:0cxx_generalized_initializers
    Feature record: CXX_FEATURE:0cxx_generic_lambdas
    Feature record: CXX_FEATURE:0cxx_inheriting_constructors
    Feature record: CXX_FEATURE:0cxx_inline_namespaces
    Feature record: CXX_FEATURE:0cxx_lambdas
    Feature record: CXX_FEATURE:0cxx_lambda_init_captures
    Feature record: CXX_FEATURE:0cxx_local_type_template_args
    Feature record: CXX_FEATURE:0cxx_long_long_type
    Feature record: CXX_FEATURE:0cxx_noexcept
    Feature record: CXX_FEATURE:0cxx_nonstatic_member_init
    Feature record: CXX_FEATURE:0cxx_nullptr
    Feature record: CXX_FEATURE:0cxx_override
    Feature record: CXX_FEATURE:0cxx_range_for
    Feature record: CXX_FEATURE:0cxx_raw_string_literals
    Feature record: CXX_FEATURE:0cxx_reference_qualified_functions
    Feature record: CXX_FEATURE:0cxx_relaxed_constexpr
    Feature record: CXX_FEATURE:0cxx_return_type_deduction
    Feature record: CXX_FEATURE:0cxx_right_angle_brackets
    Feature record: CXX_FEATURE:0cxx_rvalue_references
    Feature record: CXX_FEATURE:0cxx_sizeof_member
    Feature record: CXX_FEATURE:0cxx_static_assert
    Feature record: CXX_FEATURE:0cxx_strong_enums
    Feature record: CXX_FEATURE:1cxx_template_template_parameters
    Feature record: CXX_FEATURE:0cxx_thread_local
    Feature record: CXX_FEATURE:0cxx_trailing_return_types
    Feature record: CXX_FEATURE:0cxx_unicode_literals
    Feature record: CXX_FEATURE:0cxx_uniform_initialization
    Feature record: CXX_FEATURE:0cxx_unrestricted_unions
    Feature record: CXX_FEATURE:0cxx_user_literals
    Feature record: CXX_FEATURE:0cxx_variable_templates
    Feature record: CXX_FEATURE:0cxx_variadic_macros
    Feature record: CXX_FEATURE:0cxx_variadic_templates
Determining if files pthread.h exist passed with the following output:
Change Dir: /home/cg/shared/cg_exercise_01/01_colors/build/CMakeFiles/CMakeTmp

Run Build Command:"/usr/bin/make" "cmTC_b7ab9/fast"
make: Warning: File 'Makefile' has modification time 1.5 s in the future
/usr/bin/make -f CMakeFiles/cmTC_b7ab9.dir/build.make CMakeFiles/cmTC_b7ab9.dir/build
make[1]: Entering directory '/home/cg/shared/cg_exercise_01/01_colors/build/CMakeFiles/CMakeTmp'
make[1]: Warning: File 'CMakeFiles/cmTC_b7ab9.dir/flags.make' has modification time 1.5 s in the future
Building C object CMakeFiles/cmTC_b7ab9.dir/CheckIncludeFiles.c.o
/usr/bin/cc    -o CMakeFiles/cmTC_b7ab9.dir/CheckIncludeFiles.c.o   -c /home/cg/shared/cg_exercise_01/01_colors/build/CMakeFiles/CMakeTmp/CheckIncludeFiles.c
Linking C executable cmTC_b7ab9
/usr/bin/cmake -E cmake_link_script CMakeFiles/cmTC_b7ab9.dir/link.txt --verbose=1
/usr/bin/cc       CMakeFiles/cmTC_b7ab9.dir/CheckIncludeFiles.c.o  -o cmTC_b7ab9 -rdynamic 
make[1]: Leaving directory '/home/cg/shared/cg_exercise_01/01_colors/build/CMakeFiles/CMakeTmp'
make[1]: warning:  Clock skew detected.  Your build may be incomplete.
make: warning:  Clock skew detected.  Your build may be incomplete.


Determining if the function pthread_create exists in the pthread passed with the following output:
Change Dir: /home/cg/shared/cg_exercise_01/01_colors/build/CMakeFiles/CMakeTmp

Run Build Command:"/usr/bin/make" "cmTC_db317/fast"
make: Warning: File 'Makefile' has modification time 1.5 s in the future
/usr/bin/make -f CMakeFiles/cmTC_db317.dir/build.make CMakeFiles/cmTC_db317.dir/build
make[1]: Entering directory '/home/cg/shared/cg_exercise_01/01_colors/build/CMakeFiles/CMakeTmp'
make[1]: Warning: File 'CMakeFiles/cmTC_db317.dir/flags.make' has modification time 1.5 s in the future
Building C object CMakeFiles/cmTC_db317.dir/CheckFunctionExists.c.o
/usr/bin/cc   -DCHECK_FUNCTION_EXISTS=pthread_create   -o CMakeFiles/cmTC_db317.dir/CheckFunctionExists.c.o   -c /usr/share/cmake-3.3/Modules/CheckFunctionExists.c
Linking C executable cmTC_db317
/usr/bin/cmake -E cmake_link_script CMakeFiles/cmTC_db317.dir/link.txt --verbose=1
/usr/bin/cc   -DCHECK_FUNCTION_EXISTS=pthread_create    CMakeFiles/cmTC_db317.dir/CheckFunctionExists.c.o  -o cmTC_db317 -rdynamic -lpthread 
make[1]: Leaving directory '/home/cg/shared/cg_exercise_01/01_colors/build/CMakeFiles/CMakeTmp'
make[1]: warning:  Clock skew detected.  Your build may be incomplete.
make: warning:  Clock skew detected.  Your build may be incomplete.


Determining if the function XOpenDisplay exists in the /usr/lib/libX11.so;/usr/lib/libXext.so passed with the following output:
Change Dir: /home/cg/shared/cg_exercise_01/01_colors/build/CMakeFiles/CMakeTmp

Run Build Command:"/usr/bin/make" "cmTC_b0cf3/fast"
/usr/bin/make -f CMakeFiles/cmTC_b0cf3.dir/build.make CMakeFiles/cmTC_b0cf3.dir/build
make: Warning: File 'Makefile' has modification time 1.5 s in the future
make[1]: Entering directory '/home/cg/shared/cg_exercise_01/01_colors/build/CMakeFiles/CMakeTmp'
make[1]: Warning: File 'CMakeFiles/cmTC_b0cf3.dir/flags.make' has modification time 1.5 s in the future
Building C object CMakeFiles/cmTC_b0cf3.dir/CheckFunctionExists.c.o
/usr/bin/cc   -DCHECK_FUNCTION_EXISTS=XOpenDisplay   -o CMakeFiles/cmTC_b0cf3.dir/CheckFunctionExists.c.o   -c /usr/share/cmake-3.3/Modules/CheckFunctionExists.c
Linking C executable cmTC_b0cf3
/usr/bin/cmake -E cmake_link_script CMakeFiles/cmTC_b0cf3.dir/link.txt --verbose=1
/usr/bin/cc   -DCHECK_FUNCTION_EXISTS=XOpenDisplay    CMakeFiles/cmTC_b0cf3.dir/CheckFunctionExists.c.o  -o cmTC_b0cf3 -rdynamic /usr/lib/libX11.so /usr/lib/libXext.so 
make[1]: Leaving directory '/home/cg/shared/cg_exercise_01/01_colors/build/CMakeFiles/CMakeTmp'
make[1]: warning:  Clock skew detected.  Your build may be incomplete.
make: warning:  Clock skew detected.  Your build may be incomplete.


Determining if the function gethostbyname exists passed with the following output:
Change Dir: /home/cg/shared/cg_exercise_01/01_colors/build/CMakeFiles/CMakeTmp

Run Build Command:"/usr/bin/make" "cmTC_16fce/fast"
make: Warning: File 'Makefile' has modification time 1.5 s in the future
/usr/bin/make -f CMakeFiles/cmTC_16fce.dir/build.make CMakeFiles/cmTC_16fce.dir/build
make[1]: Entering directory '/home/cg/shared/cg_exercise_01/01_colors/build/CMakeFiles/CMakeTmp'
make[1]: Warning: File 'CMakeFiles/cmTC_16fce.dir/flags.make' has modification time 1.5 s in the future
Building C object CMakeFiles/cmTC_16fce.dir/CheckFunctionExists.c.o
/usr/bin/cc   -DCHECK_FUNCTION_EXISTS=gethostbyname   -o CMakeFiles/cmTC_16fce.dir/CheckFunctionExists.c.o   -c /usr/share/cmake-3.3/Modules/CheckFunctionExists.c
Linking C executable cmTC_16fce
/usr/bin/cmake -E cmake_link_script CMakeFiles/cmTC_16fce.dir/link.txt --verbose=1
/usr/bin/cc   -DCHECK_FUNCTION_EXISTS=gethostbyname    CMakeFiles/cmTC_16fce.dir/CheckFunctionExists.c.o  -o cmTC_16fce -rdynamic 
make[1]: Leaving directory '/home/cg/shared/cg_exercise_01/01_colors/build/CMakeFiles/CMakeTmp'
make[1]: warning:  Clock skew detected.  Your build may be incomplete.
make: warning:  Clock skew detected.  Your build may be incomplete.


Determining if the function connect exists passed with the following output:
Change Dir: /home/cg/shared/cg_exercise_01/01_colors/build/CMakeFiles/CMakeTmp

Run Build Command:"/usr/bin/make" "cmTC_7dd18/fast"
make: Warning: File 'Makefile' has modification time 1.5 s in the future
/usr/bin/make -f CMakeFiles/cmTC_7dd18.dir/build.make CMakeFiles/cmTC_7dd18.dir/build
make[1]: Entering directory '/home/cg/shared/cg_exercise_01/01_colors/build/CMakeFiles/CMakeTmp'
make[1]: Warning: File 'CMakeFiles/cmTC_7dd18.dir/flags.make' has modification time 1.5 s in the future
Building C object CMakeFiles/cmTC_7dd18.dir/CheckFunctionExists.c.o
/usr/bin/cc   -DCHECK_FUNCTION_EXISTS=connect   -o CMakeFiles/cmTC_7dd18.dir/CheckFunctionExists.c.o   -c /usr/share/cmake-3.3/Modules/CheckFunctionExists.c
Linking C executable cmTC_7dd18
/usr/bin/cmake -E cmake_link_script CMakeFiles/cmTC_7dd18.dir/link.txt --verbose=1
/usr/bin/cc   -DCHECK_FUNCTION_EXISTS=connect    CMakeFiles/cmTC_7dd18.dir/CheckFunctionExists.c.o  -o cmTC_7dd18 -rdynamic 
make[1]: Leaving directory '/home/cg/shared/cg_exercise_01/01_colors/build/CMakeFiles/CMakeTmp'
make[1]: warning:  Clock skew detected.  Your build may be incomplete.
make: warning:  Clock skew detected.  Your build may be incomplete.


Determining if the function remove exists passed with the following output:
Change Dir: /home/cg/shared/cg_exercise_01/01_colors/build/CMakeFiles/CMakeTmp

Run Build Command:"/usr/bin/make" "cmTC_94c6f/fast"
make: Warning: File 'Makefile' has modification time 1.5 s in the future
/usr/bin/make -f CMakeFiles/cmTC_94c6f.dir/build.make CMakeFiles/cmTC_94c6f.dir/build
make[1]: Entering directory '/home/cg/shared/cg_exercise_01/01_colors/build/CMakeFiles/CMakeTmp'
make[1]: Warning: File 'CMakeFiles/cmTC_94c6f.dir/flags.make' has modification time 1.5 s in the future
Building C object CMakeFiles/cmTC_94c6f.dir/CheckFunctionExists.c.o
/usr/bin/cc   -DCHECK_FUNCTION_EXISTS=remove   -o CMakeFiles/cmTC_94c6f.dir/CheckFunctionExists.c.o   -c /usr/share/cmake-3.3/Modules/CheckFunctionExists.c
Linking C executable cmTC_94c6f
/usr/bin/cmake -E cmake_link_script CMakeFiles/cmTC_94c6f.dir/link.txt --verbose=1
/usr/bin/cc   -DCHECK_FUNCTION_EXISTS=remove    CMakeFiles/cmTC_94c6f.dir/CheckFunctionExists.c.o  -o cmTC_94c6f -rdynamic 
make[1]: Leaving directory '/home/cg/shared/cg_exercise_01/01_colors/build/CMakeFiles/CMakeTmp'
make[1]: warning:  Clock skew detected.  Your build may be incomplete.
make: warning:  Clock skew detected.  Your build may be incomplete.


Determining if the function shmat exists passed with the following output:
Change Dir: /home/cg/shared/cg_exercise_01/01_colors/build/CMakeFiles/CMakeTmp

Run Build Command:"/usr/bin/make" "cmTC_58453/fast"
make: Warning: File 'Makefile' has modification time 1.5 s in the future
/usr/bin/make -f CMakeFiles/cmTC_58453.dir/build.make CMakeFiles/cmTC_58453.dir/build
make[1]: Entering directory '/home/cg/shared/cg_exercise_01/01_colors/build/CMakeFiles/CMakeTmp'
make[1]: Warning: File 'CMakeFiles/cmTC_58453.dir/flags.make' has modification time 1.5 s in the future
Building C object CMakeFiles/cmTC_58453.dir/CheckFunctionExists.c.o
/usr/bin/cc   -DCHECK_FUNCTION_EXISTS=shmat   -o CMakeFiles/cmTC_58453.dir/CheckFunctionExists.c.o   -c /usr/share/cmake-3.3/Modules/CheckFunctionExists.c
Linking C executable cmTC_58453
/usr/bin/cmake -E cmake_link_script CMakeFiles/cmTC_58453.dir/link.txt --verbose=1
/usr/bin/cc   -DCHECK_FUNCTION_EXISTS=shmat    CMakeFiles/cmTC_58453.dir/CheckFunctionExists.c.o  -o cmTC_58453 -rdynamic 
make[1]: Leaving directory '/home/cg/shared/cg_exercise_01/01_colors/build/CMakeFiles/CMakeTmp'
make[1]: warning:  Clock skew detected.  Your build may be incomplete.
make: warning:  Clock skew detected.  Your build may be incomplete.


Determining if the function IceConnectionNumber exists in the ICE passed with the following output:
Change Dir: /home/cg/shared/cg_exercise_01/01_colors/build/CMakeFiles/CMakeTmp

Run Build Command:"/usr/bin/make" "cmTC_0466e/fast"
make: Warning: File 'Makefile' has modification time 1.5 s in the future
/usr/bin/make -f CMakeFiles/cmTC_0466e.dir/build.make CMakeFiles/cmTC_0466e.dir/build
make[1]: Entering directory '/home/cg/shared/cg_exercise_01/01_colors/build/CMakeFiles/CMakeTmp'
make[1]: Warning: File 'CMakeFiles/cmTC_0466e.dir/flags.make' has modification time 1.5 s in the future
Building C object CMakeFiles/cmTC_0466e.dir/CheckFunctionExists.c.o
/usr/bin/cc   -DCHECK_FUNCTION_EXISTS=IceConnectionNumber   -o CMakeFiles/cmTC_0466e.dir/CheckFunctionExists.c.o   -c /usr/share/cmake-3.3/Modules/CheckFunctionExists.c
Linking C executable cmTC_0466e
/usr/bin/cmake -E cmake_link_script CMakeFiles/cmTC_0466e.dir/link.txt --verbose=1
/usr/bin/cc   -DCHECK_FUNCTION_EXISTS=IceConnectionNumber    CMakeFiles/cmTC_0466e.dir/CheckFunctionExists.c.o  -o cmTC_0466e -rdynamic -lICE 
make[1]: Leaving directory '/home/cg/shared/cg_exercise_01/01_colors/build/CMakeFiles/CMakeTmp'
make[1]: warning:  Clock skew detected.  Your build may be incomplete.
make: warning:  Clock skew detected.  Your build may be incomplete.


Determining if the function glXGetProcAddress exists passed with the following output:
Change Dir: /home/cg/shared/cg_exercise_01/01_colors/build/CMakeFiles/CMakeTmp

Run Build Command:"/usr/bin/make" "cmTC_8ff18/fast"
make: Warning: File 'Makefile' has modification time 1.5 s in the future
/usr/bin/make -f CMakeFiles/cmTC_8ff18.dir/build.make CMakeFiles/cmTC_8ff18.dir/build
make[1]: Entering directory '/home/cg/shared/cg_exercise_01/01_colors/build/CMakeFiles/CMakeTmp'
make[1]: Warning: File 'CMakeFiles/cmTC_8ff18.dir/flags.make' has modification time 1.5 s in the future
Building C object CMakeFiles/cmTC_8ff18.dir/CheckFunctionExists.c.o
/usr/bin/cc   -DCHECK_FUNCTION_EXISTS=glXGetProcAddress   -o CMakeFiles/cmTC_8ff18.dir/CheckFunctionExists.c.o   -c /usr/share/cmake-3.3/Modules/CheckFunctionExists.c
Linking C executable cmTC_8ff18
/usr/bin/cmake -E cmake_link_script CMakeFiles/cmTC_8ff18.dir/link.txt --verbose=1
/usr/bin/cc   -DCHECK_FUNCTION_EXISTS=glXGetProcAddress    CMakeFiles/cmTC_8ff18.dir/CheckFunctionExists.c.o  -o cmTC_8ff18 -rdynamic /usr/lib/libGL.so 
make[1]: Leaving directory '/home/cg/shared/cg_exercise_01/01_colors/build/CMakeFiles/CMakeTmp'
make[1]: warning:  Clock skew detected.  Your build may be incomplete.
make: warning:  Clock skew detected.  Your build may be incomplete.


Determining if the function glXGetProcAddressARB exists passed with the following output:
Change Dir: /home/cg/shared/cg_exercise_01/01_colors/build/CMakeFiles/CMakeTmp

Run Build Command:"/usr/bin/make" "cmTC_aece6/fast"
/usr/bin/make -f CMakeFiles/cmTC_aece6.dir/build.make CMakeFiles/cmTC_aece6.dir/build
make: Warning: File 'Makefile' has modification time 1.5 s in the future
make[1]: Entering directory '/home/cg/shared/cg_exercise_01/01_colors/build/CMakeFiles/CMakeTmp'
make[1]: Warning: File 'CMakeFiles/cmTC_aece6.dir/flags.make' has modification time 1.5 s in the future
Building C object CMakeFiles/cmTC_aece6.dir/CheckFunctionExists.c.o
/usr/bin/cc   -DCHECK_FUNCTION_EXISTS=glXGetProcAddressARB   -o CMakeFiles/cmTC_aece6.dir/CheckFunctionExists.c.o   -c /usr/share/cmake-3.3/Modules/CheckFunctionExists.c
Linking C executable cmTC_aece6
/usr/bin/cmake -E cmake_link_script CMakeFiles/cmTC_aece6.dir/link.txt --verbose=1
/usr/bin/cc   -DCHECK_FUNCTION_EXISTS=glXGetProcAddressARB    CMakeFiles/cmTC_aece6.dir/CheckFunctionExists.c.o  -o cmTC_aece6 -rdynamic /usr/lib/libGL.so 
make[1]: Leaving directory '/home/cg/shared/cg_exercise_01/01_colors/build/CMakeFiles/CMakeTmp'
make[1]: warning:  Clock skew detected.  Your build may be incomplete.
make: warning:  Clock skew detected.  Your build may be incomplete.


