Determining if the pthread_create exist failed with the following output:
Change Dir: /home/cg/shared/cg_exercise_01/01_colors/build/CMakeFiles/CMakeTmp

Run Build Command:"/usr/bin/make" "cmTC_b1664/fast"
make: Warning: File 'Makefile' has modification time 1.5 s in the future
/usr/bin/make -f CMakeFiles/cmTC_b1664.dir/build.make CMakeFiles/cmTC_b1664.dir/build
make[1]: Entering directory '/home/cg/shared/cg_exercise_01/01_colors/build/CMakeFiles/CMakeTmp'
make[1]: Warning: File 'CMakeFiles/cmTC_b1664.dir/flags.make' has modification time 1.5 s in the future
Building C object CMakeFiles/cmTC_b1664.dir/CheckSymbolExists.c.o
/usr/bin/cc    -o CMakeFiles/cmTC_b1664.dir/CheckSymbolExists.c.o   -c /home/cg/shared/cg_exercise_01/01_colors/build/CMakeFiles/CMakeTmp/CheckSymbolExists.c
Linking C executable cmTC_b1664
/usr/bin/cmake -E cmake_link_script CMakeFiles/cmTC_b1664.dir/link.txt --verbose=1
/usr/bin/cc       CMakeFiles/cmTC_b1664.dir/CheckSymbolExists.c.o  -o cmTC_b1664 -rdynamic 
CMakeFiles/cmTC_b1664.dir/CheckSymbolExists.c.o: In function `main':
CheckSymbolExists.c:(.text+0xa): undefined reference to `pthread_create'
collect2: error: ld returned 1 exit status
CMakeFiles/cmTC_b1664.dir/build.make:97: recipe for target 'cmTC_b1664' failed
make[1]: Leaving directory '/home/cg/shared/cg_exercise_01/01_colors/build/CMakeFiles/CMakeTmp'
make[1]: *** [cmTC_b1664] Error 1
Makefile:126: recipe for target 'cmTC_b1664/fast' failed
make: *** [cmTC_b1664/fast] Error 2

File /home/cg/shared/cg_exercise_01/01_colors/build/CMakeFiles/CMakeTmp/CheckSymbolExists.c:
/* */
#include <pthread.h>

int main(int argc, char** argv)
{
  (void)argv;
#ifndef pthread_create
  return ((int*)(&pthread_create))[argc];
#else
  (void)argc;
  return 0;
#endif
}

Determining if the function pthread_create exists in the pthreads failed with the following output:
Change Dir: /home/cg/shared/cg_exercise_01/01_colors/build/CMakeFiles/CMakeTmp

Run Build Command:"/usr/bin/make" "cmTC_740dc/fast"
make: Warning: File 'Makefile' has modification time 1.5 s in the future
/usr/bin/make -f CMakeFiles/cmTC_740dc.dir/build.make CMakeFiles/cmTC_740dc.dir/build
make[1]: Entering directory '/home/cg/shared/cg_exercise_01/01_colors/build/CMakeFiles/CMakeTmp'
make[1]: Warning: File 'CMakeFiles/cmTC_740dc.dir/flags.make' has modification time 1.5 s in the future
Building C object CMakeFiles/cmTC_740dc.dir/CheckFunctionExists.c.o
/usr/bin/cc   -DCHECK_FUNCTION_EXISTS=pthread_create   -o CMakeFiles/cmTC_740dc.dir/CheckFunctionExists.c.o   -c /usr/share/cmake-3.3/Modules/CheckFunctionExists.c
Linking C executable cmTC_740dc
/usr/bin/cmake -E cmake_link_script CMakeFiles/cmTC_740dc.dir/link.txt --verbose=1
/usr/bin/cc   -DCHECK_FUNCTION_EXISTS=pthread_create    CMakeFiles/cmTC_740dc.dir/CheckFunctionExists.c.o  -o cmTC_740dc -rdynamic -lpthreads 
/usr/bin/ld: cannot find -lpthreads
collect2: error: ld returned 1 exit status
CMakeFiles/cmTC_740dc.dir/build.make:97: recipe for target 'cmTC_740dc' failed
make[1]: Leaving directory '/home/cg/shared/cg_exercise_01/01_colors/build/CMakeFiles/CMakeTmp'
make[1]: *** [cmTC_740dc] Error 1
Makefile:126: recipe for target 'cmTC_740dc/fast' failed
make: *** [cmTC_740dc/fast] Error 2


Determining if the function glXGetProcAddressEXT exists failed with the following output:
Change Dir: /home/cg/shared/cg_exercise_01/01_colors/build/CMakeFiles/CMakeTmp

Run Build Command:"/usr/bin/make" "cmTC_1da99/fast"
make: Warning: File 'Makefile' has modification time 1.5 s in the future
/usr/bin/make -f CMakeFiles/cmTC_1da99.dir/build.make CMakeFiles/cmTC_1da99.dir/build
make[1]: Entering directory '/home/cg/shared/cg_exercise_01/01_colors/build/CMakeFiles/CMakeTmp'
make[1]: Warning: File 'CMakeFiles/cmTC_1da99.dir/flags.make' has modification time 1.5 s in the future
Building C object CMakeFiles/cmTC_1da99.dir/CheckFunctionExists.c.o
/usr/bin/cc   -DCHECK_FUNCTION_EXISTS=glXGetProcAddressEXT   -o CMakeFiles/cmTC_1da99.dir/CheckFunctionExists.c.o   -c /usr/share/cmake-3.3/Modules/CheckFunctionExists.c
Linking C executable cmTC_1da99
/usr/bin/cmake -E cmake_link_script CMakeFiles/cmTC_1da99.dir/link.txt --verbose=1
/usr/bin/cc   -DCHECK_FUNCTION_EXISTS=glXGetProcAddressEXT    CMakeFiles/cmTC_1da99.dir/CheckFunctionExists.c.o  -o cmTC_1da99 -rdynamic /usr/lib/libGL.so 
CMakeFiles/cmTC_1da99.dir/CheckFunctionExists.c.o: In function `main':
CheckFunctionExists.c:(.text+0x12): undefined reference to `glXGetProcAddressEXT'
collect2: error: ld returned 1 exit status
CMakeFiles/cmTC_1da99.dir/build.make:98: recipe for target 'cmTC_1da99' failed
make[1]: Leaving directory '/home/cg/shared/cg_exercise_01/01_colors/build/CMakeFiles/CMakeTmp'
make[1]: *** [cmTC_1da99] Error 1
Makefile:126: recipe for target 'cmTC_1da99/fast' failed
make: *** [cmTC_1da99/fast] Error 2


