The system is: Linux - 4.1.6-1-ARCH - i686
Compiling the C compiler identification source file "CMakeCCompilerId.c" succeeded.
Compiler: /usr/bin/cc 
Build flags: 
Id flags: 

The output was:
0


Compilation of the C compiler identification source "CMakeCCompilerId.c" produced "a.out"

The C compiler identification is GNU, found in "/home/cg/shared/cg_exercise_05/05_distributed/build/CMakeFiles/3.3.1/CompilerIdC/a.out"

Compiling the CXX compiler identification source file "CMakeCXXCompilerId.cpp" succeeded.
Compiler: /usr/bin/c++ 
Build flags: 
Id flags: 

The output was:
0


Compilation of the CXX compiler identification source "CMakeCXXCompilerId.cpp" produced "a.out"

The CXX compiler identification is GNU, found in "/home/cg/shared/cg_exercise_05/05_distributed/build/CMakeFiles/3.3.1/CompilerIdCXX/a.out"

Determining if the C compiler works passed with the following output:
Change Dir: /home/cg/shared/cg_exercise_05/05_distributed/build/CMakeFiles/CMakeTmp

Run Build Command:"/usr/bin/make" "cmTC_0d48a/fast"
/usr/bin/make -f CMakeFiles/cmTC_0d48a.dir/build.make CMakeFiles/cmTC_0d48a.dir/build
make: Warning: File 'Makefile' has modification time 0.4 s in the future
make[1]: Entering directory '/home/cg/shared/cg_exercise_05/05_distributed/build/CMakeFiles/CMakeTmp'
make[1]: Warning: File 'CMakeFiles/cmTC_0d48a.dir/flags.make' has modification time 0.39 s in the future
Building C object CMakeFiles/cmTC_0d48a.dir/testCCompiler.c.o
/usr/bin/cc    -o CMakeFiles/cmTC_0d48a.dir/testCCompiler.c.o   -c /home/cg/shared/cg_exercise_05/05_distributed/build/CMakeFiles/CMakeTmp/testCCompiler.c
Linking C executable cmTC_0d48a
/usr/bin/cmake -E cmake_link_script CMakeFiles/cmTC_0d48a.dir/link.txt --verbose=1
/usr/bin/cc       CMakeFiles/cmTC_0d48a.dir/testCCompiler.c.o  -o cmTC_0d48a -rdynamic 
make[1]: Leaving directory '/home/cg/shared/cg_exercise_05/05_distributed/build/CMakeFiles/CMakeTmp'
make[1]: warning:  Clock skew detected.  Your build may be incomplete.
make: warning:  Clock skew detected.  Your build may be incomplete.


Detecting C compiler ABI info compiled with the following output:
Change Dir: /home/cg/shared/cg_exercise_05/05_distributed/build/CMakeFiles/CMakeTmp

Run Build Command:"/usr/bin/make" "cmTC_6f6e0/fast"
make: Warning: File 'Makefile' has modification time 0.64 s in the future
/usr/bin/make -f CMakeFiles/cmTC_6f6e0.dir/build.make CMakeFiles/cmTC_6f6e0.dir/build
make[1]: Entering directory '/home/cg/shared/cg_exercise_05/05_distributed/build/CMakeFiles/CMakeTmp'
make[1]: Warning: File 'CMakeFiles/cmTC_6f6e0.dir/flags.make' has modification time 0.63 s in the future
Building C object CMakeFiles/cmTC_6f6e0.dir/CMakeCCompilerABI.c.o
/usr/bin/cc    -o CMakeFiles/cmTC_6f6e0.dir/CMakeCCompilerABI.c.o   -c /usr/share/cmake-3.3/Modules/CMakeCCompilerABI.c
Linking C executable cmTC_6f6e0
/usr/bin/cmake -E cmake_link_script CMakeFiles/cmTC_6f6e0.dir/link.txt --verbose=1
/usr/bin/cc      -v CMakeFiles/cmTC_6f6e0.dir/CMakeCCompilerABI.c.o  -o cmTC_6f6e0 -rdynamic  
Using built-in specs.
COLLECT_GCC=/usr/bin/cc
COLLECT_LTO_WRAPPER=/usr/lib/gcc/i686-pc-linux-gnu/5.2.0/lto-wrapper
Target: i686-pc-linux-gnu
Configured with: /build/gcc/src/gcc-5.2.0/configure --prefix=/usr --libdir=/usr/lib --libexecdir=/usr/lib --mandir=/usr/share/man --infodir=/usr/share/info --with-bugurl=https://bugs.archlinux.org/ --enable-languages=c,c++,ada,fortran,go,lto,objc,obj-c++ --enable-shared --enable-threads=posix --enable-libmpx --with-system-zlib --with-isl --enable-__cxa_atexit --disable-libunwind-exceptions --enable-clocale=gnu --disable-libstdcxx-pch --disable-libssp --enable-gnu-unique-object --enable-linker-build-id --enable-lto --enable-plugin --enable-install-libiberty --with-linker-hash-style=gnu --enable-gnu-indirect-function --disable-multilib --disable-werror --enable-checking=release --with-default-libstdcxx-abi=gcc4-compatible
Thread model: posix
gcc version 5.2.0 (GCC) 
COMPILER_PATH=/usr/lib/gcc/i686-pc-linux-gnu/5.2.0/:/usr/lib/gcc/i686-pc-linux-gnu/5.2.0/:/usr/lib/gcc/i686-pc-linux-gnu/:/usr/lib/gcc/i686-pc-linux-gnu/5.2.0/:/usr/lib/gcc/i686-pc-linux-gnu/
LIBRARY_PATH=/usr/lib/gcc/i686-pc-linux-gnu/5.2.0/:/usr/lib/gcc/i686-pc-linux-gnu/5.2.0/../../../:/lib/:/usr/lib/
COLLECT_GCC_OPTIONS='-v' '-o' 'cmTC_6f6e0' '-rdynamic' '-mtune=generic' '-march=pentiumpro'
 /usr/lib/gcc/i686-pc-linux-gnu/5.2.0/collect2 -plugin /usr/lib/gcc/i686-pc-linux-gnu/5.2.0/liblto_plugin.so -plugin-opt=/usr/lib/gcc/i686-pc-linux-gnu/5.2.0/lto-wrapper -plugin-opt=-fresolution=/tmp/cce3Lw7W.res -plugin-opt=-pass-through=-lgcc -plugin-opt=-pass-through=-lgcc_s -plugin-opt=-pass-through=-lc -plugin-opt=-pass-through=-lgcc -plugin-opt=-pass-through=-lgcc_s --build-id --eh-frame-hdr --hash-style=gnu -m elf_i386 -export-dynamic -dynamic-linker /lib/ld-linux.so.2 -o cmTC_6f6e0 /usr/lib/gcc/i686-pc-linux-gnu/5.2.0/../../../crt1.o /usr/lib/gcc/i686-pc-linux-gnu/5.2.0/../../../crti.o /usr/lib/gcc/i686-pc-linux-gnu/5.2.0/crtbegin.o -L/usr/lib/gcc/i686-pc-linux-gnu/5.2.0 -L/usr/lib/gcc/i686-pc-linux-gnu/5.2.0/../../.. CMakeFiles/cmTC_6f6e0.dir/CMakeCCompilerABI.c.o -lgcc --as-needed -lgcc_s --no-as-needed -lc -lgcc --as-needed -lgcc_s --no-as-needed /usr/lib/gcc/i686-pc-linux-gnu/5.2.0/crtend.o /usr/lib/gcc/i686-pc-linux-gnu/5.2.0/../../../crtn.o
make[1]: Leaving directory '/home/cg/shared/cg_exercise_05/05_distributed/build/CMakeFiles/CMakeTmp'
make[1]: warning:  Clock skew detected.  Your build may be incomplete.
make: warning:  Clock skew detected.  Your build may be incomplete.


Parsed C implicit link information from above output:
  link line regex: [^( *|.*[/\])(ld|([^/\]+-)?ld|collect2)[^/\]*( |$)]
  ignore line: [Change Dir: /home/cg/shared/cg_exercise_05/05_distributed/build/CMakeFiles/CMakeTmp]
  ignore line: []
  ignore line: [Run Build Command:"/usr/bin/make" "cmTC_6f6e0/fast"]
  ignore line: [make: Warning: File 'Makefile' has modification time 0.64 s in the future]
  ignore line: [/usr/bin/make -f CMakeFiles/cmTC_6f6e0.dir/build.make CMakeFiles/cmTC_6f6e0.dir/build]
  ignore line: [make[1]: Entering directory '/home/cg/shared/cg_exercise_05/05_distributed/build/CMakeFiles/CMakeTmp']
  ignore line: [make[1]: Warning: File 'CMakeFiles/cmTC_6f6e0.dir/flags.make' has modification time 0.63 s in the future]
  ignore line: [Building C object CMakeFiles/cmTC_6f6e0.dir/CMakeCCompilerABI.c.o]
  ignore line: [/usr/bin/cc    -o CMakeFiles/cmTC_6f6e0.dir/CMakeCCompilerABI.c.o   -c /usr/share/cmake-3.3/Modules/CMakeCCompilerABI.c]
  ignore line: [Linking C executable cmTC_6f6e0]
  ignore line: [/usr/bin/cmake -E cmake_link_script CMakeFiles/cmTC_6f6e0.dir/link.txt --verbose=1]
  ignore line: [/usr/bin/cc      -v CMakeFiles/cmTC_6f6e0.dir/CMakeCCompilerABI.c.o  -o cmTC_6f6e0 -rdynamic  ]
  ignore line: [Using built-in specs.]
  ignore line: [COLLECT_GCC=/usr/bin/cc]
  ignore line: [COLLECT_LTO_WRAPPER=/usr/lib/gcc/i686-pc-linux-gnu/5.2.0/lto-wrapper]
  ignore line: [Target: i686-pc-linux-gnu]
  ignore line: [Configured with: /build/gcc/src/gcc-5.2.0/configure --prefix=/usr --libdir=/usr/lib --libexecdir=/usr/lib --mandir=/usr/share/man --infodir=/usr/share/info --with-bugurl=https://bugs.archlinux.org/ --enable-languages=c,c++,ada,fortran,go,lto,objc,obj-c++ --enable-shared --enable-threads=posix --enable-libmpx --with-system-zlib --with-isl --enable-__cxa_atexit --disable-libunwind-exceptions --enable-clocale=gnu --disable-libstdcxx-pch --disable-libssp --enable-gnu-unique-object --enable-linker-build-id --enable-lto --enable-plugin --enable-install-libiberty --with-linker-hash-style=gnu --enable-gnu-indirect-function --disable-multilib --disable-werror --enable-checking=release --with-default-libstdcxx-abi=gcc4-compatible]
  ignore line: [Thread model: posix]
  ignore line: [gcc version 5.2.0 (GCC) ]
  ignore line: [COMPILER_PATH=/usr/lib/gcc/i686-pc-linux-gnu/5.2.0/:/usr/lib/gcc/i686-pc-linux-gnu/5.2.0/:/usr/lib/gcc/i686-pc-linux-gnu/:/usr/lib/gcc/i686-pc-linux-gnu/5.2.0/:/usr/lib/gcc/i686-pc-linux-gnu/]
  ignore line: [LIBRARY_PATH=/usr/lib/gcc/i686-pc-linux-gnu/5.2.0/:/usr/lib/gcc/i686-pc-linux-gnu/5.2.0/../../../:/lib/:/usr/lib/]
  ignore line: [COLLECT_GCC_OPTIONS='-v' '-o' 'cmTC_6f6e0' '-rdynamic' '-mtune=generic' '-march=pentiumpro']
  link line: [ /usr/lib/gcc/i686-pc-linux-gnu/5.2.0/collect2 -plugin /usr/lib/gcc/i686-pc-linux-gnu/5.2.0/liblto_plugin.so -plugin-opt=/usr/lib/gcc/i686-pc-linux-gnu/5.2.0/lto-wrapper -plugin-opt=-fresolution=/tmp/cce3Lw7W.res -plugin-opt=-pass-through=-lgcc -plugin-opt=-pass-through=-lgcc_s -plugin-opt=-pass-through=-lc -plugin-opt=-pass-through=-lgcc -plugin-opt=-pass-through=-lgcc_s --build-id --eh-frame-hdr --hash-style=gnu -m elf_i386 -export-dynamic -dynamic-linker /lib/ld-linux.so.2 -o cmTC_6f6e0 /usr/lib/gcc/i686-pc-linux-gnu/5.2.0/../../../crt1.o /usr/lib/gcc/i686-pc-linux-gnu/5.2.0/../../../crti.o /usr/lib/gcc/i686-pc-linux-gnu/5.2.0/crtbegin.o -L/usr/lib/gcc/i686-pc-linux-gnu/5.2.0 -L/usr/lib/gcc/i686-pc-linux-gnu/5.2.0/../../.. CMakeFiles/cmTC_6f6e0.dir/CMakeCCompilerABI.c.o -lgcc --as-needed -lgcc_s --no-as-needed -lc -lgcc --as-needed -lgcc_s --no-as-needed /usr/lib/gcc/i686-pc-linux-gnu/5.2.0/crtend.o /usr/lib/gcc/i686-pc-linux-gnu/5.2.0/../../../crtn.o]
    arg [/usr/lib/gcc/i686-pc-linux-gnu/5.2.0/collect2] ==> ignore
    arg [-plugin] ==> ignore
    arg [/usr/lib/gcc/i686-pc-linux-gnu/5.2.0/liblto_plugin.so] ==> ignore
    arg [-plugin-opt=/usr/lib/gcc/i686-pc-linux-gnu/5.2.0/lto-wrapper] ==> ignore
    arg [-plugin-opt=-fresolution=/tmp/cce3Lw7W.res] ==> ignore
    arg [-plugin-opt=-pass-through=-lgcc] ==> ignore
    arg [-plugin-opt=-pass-through=-lgcc_s] ==> ignore
    arg [-plugin-opt=-pass-through=-lc] ==> ignore
    arg [-plugin-opt=-pass-through=-lgcc] ==> ignore
    arg [-plugin-opt=-pass-through=-lgcc_s] ==> ignore
    arg [--build-id] ==> ignore
    arg [--eh-frame-hdr] ==> ignore
    arg [--hash-style=gnu] ==> ignore
    arg [-m] ==> ignore
    arg [elf_i386] ==> ignore
    arg [-export-dynamic] ==> ignore
    arg [-dynamic-linker] ==> ignore
    arg [/lib/ld-linux.so.2] ==> ignore
    arg [-o] ==> ignore
    arg [cmTC_6f6e0] ==> ignore
    arg [/usr/lib/gcc/i686-pc-linux-gnu/5.2.0/../../../crt1.o] ==> ignore
    arg [/usr/lib/gcc/i686-pc-linux-gnu/5.2.0/../../../crti.o] ==> ignore
    arg [/usr/lib/gcc/i686-pc-linux-gnu/5.2.0/crtbegin.o] ==> ignore
    arg [-L/usr/lib/gcc/i686-pc-linux-gnu/5.2.0] ==> dir [/usr/lib/gcc/i686-pc-linux-gnu/5.2.0]
    arg [-L/usr/lib/gcc/i686-pc-linux-gnu/5.2.0/../../..] ==> dir [/usr/lib/gcc/i686-pc-linux-gnu/5.2.0/../../..]
    arg [CMakeFiles/cmTC_6f6e0.dir/CMakeCCompilerABI.c.o] ==> ignore
    arg [-lgcc] ==> lib [gcc]
    arg [--as-needed] ==> ignore
    arg [-lgcc_s] ==> lib [gcc_s]
    arg [--no-as-needed] ==> ignore
    arg [-lc] ==> lib [c]
    arg [-lgcc] ==> lib [gcc]
    arg [--as-needed] ==> ignore
    arg [-lgcc_s] ==> lib [gcc_s]
    arg [--no-as-needed] ==> ignore
    arg [/usr/lib/gcc/i686-pc-linux-gnu/5.2.0/crtend.o] ==> ignore
    arg [/usr/lib/gcc/i686-pc-linux-gnu/5.2.0/../../../crtn.o] ==> ignore
  remove lib [gcc]
  remove lib [gcc_s]
  remove lib [gcc]
  remove lib [gcc_s]
  collapse library dir [/usr/lib/gcc/i686-pc-linux-gnu/5.2.0] ==> [/usr/lib/gcc/i686-pc-linux-gnu/5.2.0]
  collapse library dir [/usr/lib/gcc/i686-pc-linux-gnu/5.2.0/../../..] ==> [/usr/lib]
  implicit libs: [c]
  implicit dirs: [/usr/lib/gcc/i686-pc-linux-gnu/5.2.0;/usr/lib]
  implicit fwks: []




Detecting C [-std=c11] compiler features compiled with the following output:
Change Dir: /home/cg/shared/cg_exercise_05/05_distributed/build/CMakeFiles/CMakeTmp

Run Build Command:"/usr/bin/make" "cmTC_2658b/fast"
/usr/bin/make -f CMakeFiles/cmTC_2658b.dir/build.make CMakeFiles/cmTC_2658b.dir/build
make: Warning: File 'Makefile' has modification time 0.64 s in the future
make[1]: Entering directory '/home/cg/shared/cg_exercise_05/05_distributed/build/CMakeFiles/CMakeTmp'
make[1]: Warning: File 'CMakeFiles/cmTC_2658b.dir/flags.make' has modification time 0.63 s in the future
Building C object CMakeFiles/cmTC_2658b.dir/feature_tests.c.o
/usr/bin/cc   -std=c11 -o CMakeFiles/cmTC_2658b.dir/feature_tests.c.o   -c /home/cg/shared/cg_exercise_05/05_distributed/build/CMakeFiles/feature_tests.c
Linking C executable cmTC_2658b
/usr/bin/cmake -E cmake_link_script CMakeFiles/cmTC_2658b.dir/link.txt --verbose=1
/usr/bin/cc       CMakeFiles/cmTC_2658b.dir/feature_tests.c.o  -o cmTC_2658b -rdynamic 
make[1]: Leaving directory '/home/cg/shared/cg_exercise_05/05_distributed/build/CMakeFiles/CMakeTmp'
make[1]: warning:  Clock skew detected.  Your build may be incomplete.
make: warning:  Clock skew detected.  Your build may be incomplete.


    Feature record: C_FEATURE:1c_function_prototypes
    Feature record: C_FEATURE:1c_restrict
    Feature record: C_FEATURE:1c_static_assert
    Feature record: C_FEATURE:1c_variadic_macros


Detecting C [-std=c99] compiler features compiled with the following output:
Change Dir: /home/cg/shared/cg_exercise_05/05_distributed/build/CMakeFiles/CMakeTmp

Run Build Command:"/usr/bin/make" "cmTC_a1ac8/fast"
make: Warning: File 'Makefile' has modification time 0.64 s in the future
/usr/bin/make -f CMakeFiles/cmTC_a1ac8.dir/build.make CMakeFiles/cmTC_a1ac8.dir/build
make[1]: Entering directory '/home/cg/shared/cg_exercise_05/05_distributed/build/CMakeFiles/CMakeTmp'
make[1]: Warning: File 'CMakeFiles/cmTC_a1ac8.dir/flags.make' has modification time 0.63 s in the future
Building C object CMakeFiles/cmTC_a1ac8.dir/feature_tests.c.o
/usr/bin/cc   -std=c99 -o CMakeFiles/cmTC_a1ac8.dir/feature_tests.c.o   -c /home/cg/shared/cg_exercise_05/05_distributed/build/CMakeFiles/feature_tests.c
Linking C executable cmTC_a1ac8
/usr/bin/cmake -E cmake_link_script CMakeFiles/cmTC_a1ac8.dir/link.txt --verbose=1
/usr/bin/cc       CMakeFiles/cmTC_a1ac8.dir/feature_tests.c.o  -o cmTC_a1ac8 -rdynamic 
make[1]: Leaving directory '/home/cg/shared/cg_exercise_05/05_distributed/build/CMakeFiles/CMakeTmp'
make[1]: warning:  Clock skew detected.  Your build may be incomplete.
make: warning:  Clock skew detected.  Your build may be incomplete.


    Feature record: C_FEATURE:1c_function_prototypes
    Feature record: C_FEATURE:1c_restrict
    Feature record: C_FEATURE:0c_static_assert
    Feature record: C_FEATURE:1c_variadic_macros


Detecting C [-std=c90] compiler features compiled with the following output:
Change Dir: /home/cg/shared/cg_exercise_05/05_distributed/build/CMakeFiles/CMakeTmp

Run Build Command:"/usr/bin/make" "cmTC_afb1b/fast"
make: Warning: File 'Makefile' has modification time 0.63 s in the future
/usr/bin/make -f CMakeFiles/cmTC_afb1b.dir/build.make CMakeFiles/cmTC_afb1b.dir/build
make[1]: Entering directory '/home/cg/shared/cg_exercise_05/05_distributed/build/CMakeFiles/CMakeTmp'
make[1]: Warning: File 'CMakeFiles/cmTC_afb1b.dir/flags.make' has modification time 0.62 s in the future
Building C object CMakeFiles/cmTC_afb1b.dir/feature_tests.c.o
/usr/bin/cc   -std=c90 -o CMakeFiles/cmTC_afb1b.dir/feature_tests.c.o   -c /home/cg/shared/cg_exercise_05/05_distributed/build/CMakeFiles/feature_tests.c
Linking C executable cmTC_afb1b
/usr/bin/cmake -E cmake_link_script CMakeFiles/cmTC_afb1b.dir/link.txt --verbose=1
/usr/bin/cc       CMakeFiles/cmTC_afb1b.dir/feature_tests.c.o  -o cmTC_afb1b -rdynamic 
make[1]: Leaving directory '/home/cg/shared/cg_exercise_05/05_distributed/build/CMakeFiles/CMakeTmp'
make[1]: warning:  Clock skew detected.  Your build may be incomplete.
make: warning:  Clock skew detected.  Your build may be incomplete.


    Feature record: C_FEATURE:1c_function_prototypes
    Feature record: C_FEATURE:0c_restrict
    Feature record: C_FEATURE:0c_static_assert
    Feature record: C_FEATURE:0c_variadic_macros
Determining if the CXX compiler works passed with the following output:
Change Dir: /home/cg/shared/cg_exercise_05/05_distributed/build/CMakeFiles/CMakeTmp

Run Build Command:"/usr/bin/make" "cmTC_01169/fast"
make: Warning: File 'Makefile' has modification time 0.64 s in the future
/usr/bin/make -f CMakeFiles/cmTC_01169.dir/build.make CMakeFiles/cmTC_01169.dir/build
make[1]: Entering directory '/home/cg/shared/cg_exercise_05/05_distributed/build/CMakeFiles/CMakeTmp'
make[1]: Warning: File 'CMakeFiles/cmTC_01169.dir/flags.make' has modification time 0.63 s in the future
Building CXX object CMakeFiles/cmTC_01169.dir/testCXXCompiler.cxx.o
/usr/bin/c++     -o CMakeFiles/cmTC_01169.dir/testCXXCompiler.cxx.o -c /home/cg/shared/cg_exercise_05/05_distributed/build/CMakeFiles/CMakeTmp/testCXXCompiler.cxx
Linking CXX executable cmTC_01169
/usr/bin/cmake -E cmake_link_script CMakeFiles/cmTC_01169.dir/link.txt --verbose=1
/usr/bin/c++        CMakeFiles/cmTC_01169.dir/testCXXCompiler.cxx.o  -o cmTC_01169 -rdynamic 
make[1]: Leaving directory '/home/cg/shared/cg_exercise_05/05_distributed/build/CMakeFiles/CMakeTmp'
make[1]: warning:  Clock skew detected.  Your build may be incomplete.
make: warning:  Clock skew detected.  Your build may be incomplete.


Detecting CXX compiler ABI info compiled with the following output:
Change Dir: /home/cg/shared/cg_exercise_05/05_distributed/build/CMakeFiles/CMakeTmp

Run Build Command:"/usr/bin/make" "cmTC_494ff/fast"
make: Warning: File 'Makefile' has modification time 0.63 s in the future
/usr/bin/make -f CMakeFiles/cmTC_494ff.dir/build.make CMakeFiles/cmTC_494ff.dir/build
make[1]: Entering directory '/home/cg/shared/cg_exercise_05/05_distributed/build/CMakeFiles/CMakeTmp'
make[1]: Warning: File 'CMakeFiles/cmTC_494ff.dir/flags.make' has modification time 0.62 s in the future
Building CXX object CMakeFiles/cmTC_494ff.dir/CMakeCXXCompilerABI.cpp.o
/usr/bin/c++     -o CMakeFiles/cmTC_494ff.dir/CMakeCXXCompilerABI.cpp.o -c /usr/share/cmake-3.3/Modules/CMakeCXXCompilerABI.cpp
Linking CXX executable cmTC_494ff
/usr/bin/cmake -E cmake_link_script CMakeFiles/cmTC_494ff.dir/link.txt --verbose=1
/usr/bin/c++       -v CMakeFiles/cmTC_494ff.dir/CMakeCXXCompilerABI.cpp.o  -o cmTC_494ff -rdynamic  
Using built-in specs.
COLLECT_GCC=/usr/bin/c++
COLLECT_LTO_WRAPPER=/usr/lib/gcc/i686-pc-linux-gnu/5.2.0/lto-wrapper
Target: i686-pc-linux-gnu
Configured with: /build/gcc/src/gcc-5.2.0/configure --prefix=/usr --libdir=/usr/lib --libexecdir=/usr/lib --mandir=/usr/share/man --infodir=/usr/share/info --with-bugurl=https://bugs.archlinux.org/ --enable-languages=c,c++,ada,fortran,go,lto,objc,obj-c++ --enable-shared --enable-threads=posix --enable-libmpx --with-system-zlib --with-isl --enable-__cxa_atexit --disable-libunwind-exceptions --enable-clocale=gnu --disable-libstdcxx-pch --disable-libssp --enable-gnu-unique-object --enable-linker-build-id --enable-lto --enable-plugin --enable-install-libiberty --with-linker-hash-style=gnu --enable-gnu-indirect-function --disable-multilib --disable-werror --enable-checking=release --with-default-libstdcxx-abi=gcc4-compatible
Thread model: posix
gcc version 5.2.0 (GCC) 
COMPILER_PATH=/usr/lib/gcc/i686-pc-linux-gnu/5.2.0/:/usr/lib/gcc/i686-pc-linux-gnu/5.2.0/:/usr/lib/gcc/i686-pc-linux-gnu/:/usr/lib/gcc/i686-pc-linux-gnu/5.2.0/:/usr/lib/gcc/i686-pc-linux-gnu/
LIBRARY_PATH=/usr/lib/gcc/i686-pc-linux-gnu/5.2.0/:/usr/lib/gcc/i686-pc-linux-gnu/5.2.0/../../../:/lib/:/usr/lib/
COLLECT_GCC_OPTIONS='-v' '-o' 'cmTC_494ff' '-rdynamic' '-shared-libgcc' '-mtune=generic' '-march=pentiumpro'
 /usr/lib/gcc/i686-pc-linux-gnu/5.2.0/collect2 -plugin /usr/lib/gcc/i686-pc-linux-gnu/5.2.0/liblto_plugin.so -plugin-opt=/usr/lib/gcc/i686-pc-linux-gnu/5.2.0/lto-wrapper -plugin-opt=-fresolution=/tmp/ccNkE2Mx.res -plugin-opt=-pass-through=-lgcc_s -plugin-opt=-pass-through=-lgcc -plugin-opt=-pass-through=-lc -plugin-opt=-pass-through=-lgcc_s -plugin-opt=-pass-through=-lgcc --build-id --eh-frame-hdr --hash-style=gnu -m elf_i386 -export-dynamic -dynamic-linker /lib/ld-linux.so.2 -o cmTC_494ff /usr/lib/gcc/i686-pc-linux-gnu/5.2.0/../../../crt1.o /usr/lib/gcc/i686-pc-linux-gnu/5.2.0/../../../crti.o /usr/lib/gcc/i686-pc-linux-gnu/5.2.0/crtbegin.o -L/usr/lib/gcc/i686-pc-linux-gnu/5.2.0 -L/usr/lib/gcc/i686-pc-linux-gnu/5.2.0/../../.. CMakeFiles/cmTC_494ff.dir/CMakeCXXCompilerABI.cpp.o -lstdc++ -lm -lgcc_s -lgcc -lc -lgcc_s -lgcc /usr/lib/gcc/i686-pc-linux-gnu/5.2.0/crtend.o /usr/lib/gcc/i686-pc-linux-gnu/5.2.0/../../../crtn.o
make[1]: Leaving directory '/home/cg/shared/cg_exercise_05/05_distributed/build/CMakeFiles/CMakeTmp'
make[1]: warning:  Clock skew detected.  Your build may be incomplete.
make: warning:  Clock skew detected.  Your build may be incomplete.


Parsed CXX implicit link information from above output:
  link line regex: [^( *|.*[/\])(ld|([^/\]+-)?ld|collect2)[^/\]*( |$)]
  ignore line: [Change Dir: /home/cg/shared/cg_exercise_05/05_distributed/build/CMakeFiles/CMakeTmp]
  ignore line: []
  ignore line: [Run Build Command:"/usr/bin/make" "cmTC_494ff/fast"]
  ignore line: [make: Warning: File 'Makefile' has modification time 0.63 s in the future]
  ignore line: [/usr/bin/make -f CMakeFiles/cmTC_494ff.dir/build.make CMakeFiles/cmTC_494ff.dir/build]
  ignore line: [make[1]: Entering directory '/home/cg/shared/cg_exercise_05/05_distributed/build/CMakeFiles/CMakeTmp']
  ignore line: [make[1]: Warning: File 'CMakeFiles/cmTC_494ff.dir/flags.make' has modification time 0.62 s in the future]
  ignore line: [Building CXX object CMakeFiles/cmTC_494ff.dir/CMakeCXXCompilerABI.cpp.o]
  ignore line: [/usr/bin/c++     -o CMakeFiles/cmTC_494ff.dir/CMakeCXXCompilerABI.cpp.o -c /usr/share/cmake-3.3/Modules/CMakeCXXCompilerABI.cpp]
  ignore line: [Linking CXX executable cmTC_494ff]
  ignore line: [/usr/bin/cmake -E cmake_link_script CMakeFiles/cmTC_494ff.dir/link.txt --verbose=1]
  ignore line: [/usr/bin/c++       -v CMakeFiles/cmTC_494ff.dir/CMakeCXXCompilerABI.cpp.o  -o cmTC_494ff -rdynamic  ]
  ignore line: [Using built-in specs.]
  ignore line: [COLLECT_GCC=/usr/bin/c++]
  ignore line: [COLLECT_LTO_WRAPPER=/usr/lib/gcc/i686-pc-linux-gnu/5.2.0/lto-wrapper]
  ignore line: [Target: i686-pc-linux-gnu]
  ignore line: [Configured with: /build/gcc/src/gcc-5.2.0/configure --prefix=/usr --libdir=/usr/lib --libexecdir=/usr/lib --mandir=/usr/share/man --infodir=/usr/share/info --with-bugurl=https://bugs.archlinux.org/ --enable-languages=c,c++,ada,fortran,go,lto,objc,obj-c++ --enable-shared --enable-threads=posix --enable-libmpx --with-system-zlib --with-isl --enable-__cxa_atexit --disable-libunwind-exceptions --enable-clocale=gnu --disable-libstdcxx-pch --disable-libssp --enable-gnu-unique-object --enable-linker-build-id --enable-lto --enable-plugin --enable-install-libiberty --with-linker-hash-style=gnu --enable-gnu-indirect-function --disable-multilib --disable-werror --enable-checking=release --with-default-libstdcxx-abi=gcc4-compatible]
  ignore line: [Thread model: posix]
  ignore line: [gcc version 5.2.0 (GCC) ]
  ignore line: [COMPILER_PATH=/usr/lib/gcc/i686-pc-linux-gnu/5.2.0/:/usr/lib/gcc/i686-pc-linux-gnu/5.2.0/:/usr/lib/gcc/i686-pc-linux-gnu/:/usr/lib/gcc/i686-pc-linux-gnu/5.2.0/:/usr/lib/gcc/i686-pc-linux-gnu/]
  ignore line: [LIBRARY_PATH=/usr/lib/gcc/i686-pc-linux-gnu/5.2.0/:/usr/lib/gcc/i686-pc-linux-gnu/5.2.0/../../../:/lib/:/usr/lib/]
  ignore line: [COLLECT_GCC_OPTIONS='-v' '-o' 'cmTC_494ff' '-rdynamic' '-shared-libgcc' '-mtune=generic' '-march=pentiumpro']
  link line: [ /usr/lib/gcc/i686-pc-linux-gnu/5.2.0/collect2 -plugin /usr/lib/gcc/i686-pc-linux-gnu/5.2.0/liblto_plugin.so -plugin-opt=/usr/lib/gcc/i686-pc-linux-gnu/5.2.0/lto-wrapper -plugin-opt=-fresolution=/tmp/ccNkE2Mx.res -plugin-opt=-pass-through=-lgcc_s -plugin-opt=-pass-through=-lgcc -plugin-opt=-pass-through=-lc -plugin-opt=-pass-through=-lgcc_s -plugin-opt=-pass-through=-lgcc --build-id --eh-frame-hdr --hash-style=gnu -m elf_i386 -export-dynamic -dynamic-linker /lib/ld-linux.so.2 -o cmTC_494ff /usr/lib/gcc/i686-pc-linux-gnu/5.2.0/../../../crt1.o /usr/lib/gcc/i686-pc-linux-gnu/5.2.0/../../../crti.o /usr/lib/gcc/i686-pc-linux-gnu/5.2.0/crtbegin.o -L/usr/lib/gcc/i686-pc-linux-gnu/5.2.0 -L/usr/lib/gcc/i686-pc-linux-gnu/5.2.0/../../.. CMakeFiles/cmTC_494ff.dir/CMakeCXXCompilerABI.cpp.o -lstdc++ -lm -lgcc_s -lgcc -lc -lgcc_s -lgcc /usr/lib/gcc/i686-pc-linux-gnu/5.2.0/crtend.o /usr/lib/gcc/i686-pc-linux-gnu/5.2.0/../../../crtn.o]
    arg [/usr/lib/gcc/i686-pc-linux-gnu/5.2.0/collect2] ==> ignore
    arg [-plugin] ==> ignore
    arg [/usr/lib/gcc/i686-pc-linux-gnu/5.2.0/liblto_plugin.so] ==> ignore
    arg [-plugin-opt=/usr/lib/gcc/i686-pc-linux-gnu/5.2.0/lto-wrapper] ==> ignore
    arg [-plugin-opt=-fresolution=/tmp/ccNkE2Mx.res] ==> ignore
    arg [-plugin-opt=-pass-through=-lgcc_s] ==> ignore
    arg [-plugin-opt=-pass-through=-lgcc] ==> ignore
    arg [-plugin-opt=-pass-through=-lc] ==> ignore
    arg [-plugin-opt=-pass-through=-lgcc_s] ==> ignore
    arg [-plugin-opt=-pass-through=-lgcc] ==> ignore
    arg [--build-id] ==> ignore
    arg [--eh-frame-hdr] ==> ignore
    arg [--hash-style=gnu] ==> ignore
    arg [-m] ==> ignore
    arg [elf_i386] ==> ignore
    arg [-export-dynamic] ==> ignore
    arg [-dynamic-linker] ==> ignore
    arg [/lib/ld-linux.so.2] ==> ignore
    arg [-o] ==> ignore
    arg [cmTC_494ff] ==> ignore
    arg [/usr/lib/gcc/i686-pc-linux-gnu/5.2.0/../../../crt1.o] ==> ignore
    arg [/usr/lib/gcc/i686-pc-linux-gnu/5.2.0/../../../crti.o] ==> ignore
    arg [/usr/lib/gcc/i686-pc-linux-gnu/5.2.0/crtbegin.o] ==> ignore
    arg [-L/usr/lib/gcc/i686-pc-linux-gnu/5.2.0] ==> dir [/usr/lib/gcc/i686-pc-linux-gnu/5.2.0]
    arg [-L/usr/lib/gcc/i686-pc-linux-gnu/5.2.0/../../..] ==> dir [/usr/lib/gcc/i686-pc-linux-gnu/5.2.0/../../..]
    arg [CMakeFiles/cmTC_494ff.dir/CMakeCXXCompilerABI.cpp.o] ==> ignore
    arg [-lstdc++] ==> lib [stdc++]
    arg [-lm] ==> lib [m]
    arg [-lgcc_s] ==> lib [gcc_s]
    arg [-lgcc] ==> lib [gcc]
    arg [-lc] ==> lib [c]
    arg [-lgcc_s] ==> lib [gcc_s]
    arg [-lgcc] ==> lib [gcc]
    arg [/usr/lib/gcc/i686-pc-linux-gnu/5.2.0/crtend.o] ==> ignore
    arg [/usr/lib/gcc/i686-pc-linux-gnu/5.2.0/../../../crtn.o] ==> ignore
  remove lib [gcc_s]
  remove lib [gcc]
  remove lib [gcc_s]
  remove lib [gcc]
  collapse library dir [/usr/lib/gcc/i686-pc-linux-gnu/5.2.0] ==> [/usr/lib/gcc/i686-pc-linux-gnu/5.2.0]
  collapse library dir [/usr/lib/gcc/i686-pc-linux-gnu/5.2.0/../../..] ==> [/usr/lib]
  implicit libs: [stdc++;m;c]
  implicit dirs: [/usr/lib/gcc/i686-pc-linux-gnu/5.2.0;/usr/lib]
  implicit fwks: []




Detecting CXX [-std=c++14] compiler features compiled with the following output:
Change Dir: /home/cg/shared/cg_exercise_05/05_distributed/build/CMakeFiles/CMakeTmp

Run Build Command:"/usr/bin/make" "cmTC_8117a/fast"
make: Warning: File 'Makefile' has modification time 0.63 s in the future
/usr/bin/make -f CMakeFiles/cmTC_8117a.dir/build.make CMakeFiles/cmTC_8117a.dir/build
make[1]: Entering directory '/home/cg/shared/cg_exercise_05/05_distributed/build/CMakeFiles/CMakeTmp'
make[1]: Warning: File 'CMakeFiles/cmTC_8117a.dir/flags.make' has modification time 0.62 s in the future
Building CXX object CMakeFiles/cmTC_8117a.dir/feature_tests.cxx.o
/usr/bin/c++    -std=c++14 -o CMakeFiles/cmTC_8117a.dir/feature_tests.cxx.o -c /home/cg/shared/cg_exercise_05/05_distributed/build/CMakeFiles/feature_tests.cxx
Linking CXX executable cmTC_8117a
/usr/bin/cmake -E cmake_link_script CMakeFiles/cmTC_8117a.dir/link.txt --verbose=1
/usr/bin/c++        CMakeFiles/cmTC_8117a.dir/feature_tests.cxx.o  -o cmTC_8117a -rdynamic 
make[1]: Leaving directory '/home/cg/shared/cg_exercise_05/05_distributed/build/CMakeFiles/CMakeTmp'
make[1]: warning:  Clock skew detected.  Your build may be incomplete.
make: warning:  Clock skew detected.  Your build may be incomplete.


    Feature record: CXX_FEATURE:1cxx_aggregate_default_initializers
    Feature record: CXX_FEATURE:1cxx_alias_templates
    Feature record: CXX_FEATURE:1cxx_alignas
    Feature record: CXX_FEATURE:1cxx_alignof
    Feature record: CXX_FEATURE:1cxx_attributes
    Feature record: CXX_FEATURE:1cxx_attribute_deprecated
    Feature record: CXX_FEATURE:1cxx_auto_type
    Feature record: CXX_FEATURE:1cxx_binary_literals
    Feature record: CXX_FEATURE:1cxx_constexpr
    Feature record: CXX_FEATURE:1cxx_contextual_conversions
    Feature record: CXX_FEATURE:1cxx_decltype
    Feature record: CXX_FEATURE:1cxx_decltype_auto
    Feature record: CXX_FEATURE:1cxx_decltype_incomplete_return_types
    Feature record: CXX_FEATURE:1cxx_default_function_template_args
    Feature record: CXX_FEATURE:1cxx_defaulted_functions
    Feature record: CXX_FEATURE:1cxx_defaulted_move_initializers
    Feature record: CXX_FEATURE:1cxx_delegating_constructors
    Feature record: CXX_FEATURE:1cxx_deleted_functions
    Feature record: CXX_FEATURE:1cxx_digit_separators
    Feature record: CXX_FEATURE:1cxx_enum_forward_declarations
    Feature record: CXX_FEATURE:1cxx_explicit_conversions
    Feature record: CXX_FEATURE:1cxx_extended_friend_declarations
    Feature record: CXX_FEATURE:1cxx_extern_templates
    Feature record: CXX_FEATURE:1cxx_final
    Feature record: CXX_FEATURE:1cxx_func_identifier
    Feature record: CXX_FEATURE:1cxx_generalized_initializers
    Feature record: CXX_FEATURE:1cxx_generic_lambdas
    Feature record: CXX_FEATURE:1cxx_inheriting_constructors
    Feature record: CXX_FEATURE:1cxx_inline_namespaces
    Feature record: CXX_FEATURE:1cxx_lambdas
    Feature record: CXX_FEATURE:1cxx_lambda_init_captures
    Feature record: CXX_FEATURE:1cxx_local_type_template_args
    Feature record: CXX_FEATURE:1cxx_long_long_type
    Feature record: CXX_FEATURE:1cxx_noexcept
    Feature record: CXX_FEATURE:1cxx_nonstatic_member_init
    Feature record: CXX_FEATURE:1cxx_nullptr
    Feature record: CXX_FEATURE:1cxx_override
    Feature record: CXX_FEATURE:1cxx_range_for
    Feature record: CXX_FEATURE:1cxx_raw_string_literals
    Feature record: CXX_FEATURE:1cxx_reference_qualified_functions
    Feature record: CXX_FEATURE:1cxx_relaxed_constexpr
    Feature record: CXX_FEATURE:1cxx_return_type_deduction
    Feature record: CXX_FEATURE:1cxx_right_angle_brackets
    Feature record: CXX_FEATURE:1cxx_rvalue_references
    Feature record: CXX_FEATURE:1cxx_sizeof_member
    Feature record: CXX_FEATURE:1cxx_static_assert
    Feature record: CXX_FEATURE:1cxx_strong_enums
    Feature record: CXX_FEATURE:1cxx_template_template_parameters
    Feature record: CXX_FEATURE:1cxx_thread_local
    Feature record: CXX_FEATURE:1cxx_trailing_return_types
    Feature record: CXX_FEATURE:1cxx_unicode_literals
    Feature record: CXX_FEATURE:1cxx_uniform_initialization
    Feature record: CXX_FEATURE:1cxx_unrestricted_unions
    Feature record: CXX_FEATURE:1cxx_user_literals
    Feature record: CXX_FEATURE:1cxx_variable_templates
    Feature record: CXX_FEATURE:1cxx_variadic_macros
    Feature record: CXX_FEATURE:1cxx_variadic_templates


Detecting CXX [-std=c++11] compiler features compiled with the following output:
Change Dir: /home/cg/shared/cg_exercise_05/05_distributed/build/CMakeFiles/CMakeTmp

Run Build Command:"/usr/bin/make" "cmTC_4709c/fast"
make: Warning: File 'Makefile' has modification time 0.63 s in the future
/usr/bin/make -f CMakeFiles/cmTC_4709c.dir/build.make CMakeFiles/cmTC_4709c.dir/build
make[1]: Entering directory '/home/cg/shared/cg_exercise_05/05_distributed/build/CMakeFiles/CMakeTmp'
make[1]: Warning: File 'CMakeFiles/cmTC_4709c.dir/flags.make' has modification time 0.62 s in the future
Building CXX object CMakeFiles/cmTC_4709c.dir/feature_tests.cxx.o
/usr/bin/c++    -std=c++11 -o CMakeFiles/cmTC_4709c.dir/feature_tests.cxx.o -c /home/cg/shared/cg_exercise_05/05_distributed/build/CMakeFiles/feature_tests.cxx
Linking CXX executable cmTC_4709c
/usr/bin/cmake -E cmake_link_script CMakeFiles/cmTC_4709c.dir/link.txt --verbose=1
/usr/bin/c++        CMakeFiles/cmTC_4709c.dir/feature_tests.cxx.o  -o cmTC_4709c -rdynamic 
make[1]: Leaving directory '/home/cg/shared/cg_exercise_05/05_distributed/build/CMakeFiles/CMakeTmp'
make[1]: warning:  Clock skew detected.  Your build may be incomplete.
make: warning:  Clock skew detected.  Your build may be incomplete.


    Feature record: CXX_FEATURE:0cxx_aggregate_default_initializers
    Feature record: CXX_FEATURE:1cxx_alias_templates
    Feature record: CXX_FEATURE:1cxx_alignas
    Feature record: CXX_FEATURE:1cxx_alignof
    Feature record: CXX_FEATURE:1cxx_attributes
    Feature record: CXX_FEATURE:0cxx_attribute_deprecated
    Feature record: CXX_FEATURE:1cxx_auto_type
    Feature record: CXX_FEATURE:0cxx_binary_literals
    Feature record: CXX_FEATURE:1cxx_constexpr
    Feature record: CXX_FEATURE:0cxx_contextual_conversions
    Feature record: CXX_FEATURE:1cxx_decltype
    Feature record: CXX_FEATURE:0cxx_decltype_auto
    Feature record: CXX_FEATURE:1cxx_decltype_incomplete_return_types
    Feature record: CXX_FEATURE:1cxx_default_function_template_args
    Feature record: CXX_FEATURE:1cxx_defaulted_functions
    Feature record: CXX_FEATURE:1cxx_defaulted_move_initializers
    Feature record: CXX_FEATURE:1cxx_delegating_constructors
    Feature record: CXX_FEATURE:1cxx_deleted_functions
    Feature record: CXX_FEATURE:0cxx_digit_separators
    Feature record: CXX_FEATURE:1cxx_enum_forward_declarations
    Feature record: CXX_FEATURE:1cxx_explicit_conversions
    Feature record: CXX_FEATURE:1cxx_extended_friend_declarations
    Feature record: CXX_FEATURE:1cxx_extern_templates
    Feature record: CXX_FEATURE:1cxx_final
    Feature record: CXX_FEATURE:1cxx_func_identifier
    Feature record: CXX_FEATURE:1cxx_generalized_initializers
    Feature record: CXX_FEATURE:0cxx_generic_lambdas
    Feature record: CXX_FEATURE:1cxx_inheriting_constructors
    Feature record: CXX_FEATURE:1cxx_inline_namespaces
    Feature record: CXX_FEATURE:1cxx_lambdas
    Feature record: CXX_FEATURE:0cxx_lambda_init_captures
    Feature record: CXX_FEATURE:1cxx_local_type_template_args
    Feature record: CXX_FEATURE:1cxx_long_long_type
    Feature record: CXX_FEATURE:1cxx_noexcept
    Feature record: CXX_FEATURE:1cxx_nonstatic_member_init
    Feature record: CXX_FEATURE:1cxx_nullptr
    Feature record: CXX_FEATURE:1cxx_override
    Feature record: CXX_FEATURE:1cxx_range_for
    Feature record: CXX_FEATURE:1cxx_raw_string_literals
    Feature record: CXX_FEATURE:1cxx_reference_qualified_functions
    Feature record: CXX_FEATURE:0cxx_relaxed_constexpr
    Feature record: CXX_FEATURE:0cxx_return_type_deduction
    Feature record: CXX_FEATURE:1cxx_right_angle_brackets
    Feature record: CXX_FEATURE:1cxx_rvalue_references
    Feature record: CXX_FEATURE:1cxx_sizeof_member
    Feature record: CXX_FEATURE:1cxx_static_assert
    Feature record: CXX_FEATURE:1cxx_strong_enums
    Feature record: CXX_FEATURE:1cxx_template_template_parameters
    Feature record: CXX_FEATURE:1cxx_thread_local
    Feature record: CXX_FEATURE:1cxx_trailing_return_types
    Feature record: CXX_FEATURE:1cxx_unicode_literals
    Feature record: CXX_FEATURE:1cxx_uniform_initialization
    Feature record: CXX_FEATURE:1cxx_unrestricted_unions
    Feature record: CXX_FEATURE:1cxx_user_literals
    Feature record: CXX_FEATURE:0cxx_variable_templates
    Feature record: CXX_FEATURE:1cxx_variadic_macros
    Feature record: CXX_FEATURE:1cxx_variadic_templates


Detecting CXX [-std=c++98] compiler features compiled with the following output:
Change Dir: /home/cg/shared/cg_exercise_05/05_distributed/build/CMakeFiles/CMakeTmp

Run Build Command:"/usr/bin/make" "cmTC_7f4e1/fast"
make: Warning: File 'Makefile' has modification time 0.62 s in the future
/usr/bin/make -f CMakeFiles/cmTC_7f4e1.dir/build.make CMakeFiles/cmTC_7f4e1.dir/build
make[1]: Entering directory '/home/cg/shared/cg_exercise_05/05_distributed/build/CMakeFiles/CMakeTmp'
make[1]: Warning: File 'CMakeFiles/cmTC_7f4e1.dir/flags.make' has modification time 0.61 s in the future
Building CXX object CMakeFiles/cmTC_7f4e1.dir/feature_tests.cxx.o
/usr/bin/c++    -std=c++98 -o CMakeFiles/cmTC_7f4e1.dir/feature_tests.cxx.o -c /home/cg/shared/cg_exercise_05/05_distributed/build/CMakeFiles/feature_tests.cxx
Linking CXX executable cmTC_7f4e1
/usr/bin/cmake -E cmake_link_script CMakeFiles/cmTC_7f4e1.dir/link.txt --verbose=1
/usr/bin/c++        CMakeFiles/cmTC_7f4e1.dir/feature_tests.cxx.o  -o cmTC_7f4e1 -rdynamic 
make[1]: Leaving directory '/home/cg/shared/cg_exercise_05/05_distributed/build/CMakeFiles/CMakeTmp'
make[1]: warning:  Clock skew detected.  Your build may be incomplete.
make: warning:  Clock skew detected.  Your build may be incomplete.


    Feature record: CXX_FEATURE:0cxx_aggregate_default_initializers
    Feature record: CXX_FEATURE:0cxx_alias_templates
    Feature record: CXX_FEATURE:0cxx_alignas
    Feature record: CXX_FEATURE:0cxx_alignof
    Feature record: CXX_FEATURE:0cxx_attributes
    Feature record: CXX_FEATURE:0cxx_attribute_deprecated
    Feature record: CXX_FEATURE:0cxx_auto_type
    Feature record: CXX_FEATURE:0cxx_binary_literals
    Feature record: CXX_FEATURE:0cxx_constexpr
    Feature record: CXX_FEATURE:0cxx_contextual_conversions
    Feature record: CXX_FEATURE:0cxx_decltype
    Feature record: CXX_FEATURE:0cxx_decltype_auto
    Feature record: CXX_FEATURE:0cxx_decltype_incomplete_return_types
    Feature record: CXX_FEATURE:0cxx_default_function_template_args
    Feature record: CXX_FEATURE:0cxx_defaulted_functions
    Feature record: CXX_FEATURE:0cxx_defaulted_move_initializers
    Feature record: CXX_FEATURE:0cxx_delegating_constructors
    Feature record: CXX_FEATURE:0cxx_deleted_functions
    Feature record: CXX_FEATURE:0cxx_digit_separators
    Feature record: CXX_FEATURE:0cxx_enum_forward_declarations
    Feature record: CXX_FEATURE:0cxx_explicit_conversions
    Feature record: CXX_FEATURE:0cxx_extended_friend_declarations
    Feature record: CXX_FEATURE:0cxx_extern_templates
    Feature record: CXX_FEATURE:0cxx_final
    Feature record: CXX_FEATURE:0cxx_func_identifier
    Feature record: CXX_FEATURE:0cxx_generalized_initializers
    Feature record: CXX_FEATURE:0cxx_generic_lambdas
    Feature record: CXX_FEATURE:0cxx_inheriting_constructors
    Feature record: CXX_FEATURE:0cxx_inline_namespaces
    Feature record: CXX_FEATURE:0cxx_lambdas
    Feature record: CXX_FEATURE:0cxx_lambda_init_captures
    Feature record: CXX_FEATURE:0cxx_local_type_template_args
    Feature record: CXX_FEATURE:0cxx_long_long_type
    Feature record: CXX_FEATURE:0cxx_noexcept
    Feature record: CXX_FEATURE:0cxx_nonstatic_member_init
    Feature record: CXX_FEATURE:0cxx_nullptr
    Feature record: CXX_FEATURE:0cxx_override
    Feature record: CXX_FEATURE:0cxx_range_for
    Feature record: CXX_FEATURE:0cxx_raw_string_literals
    Feature record: CXX_FEATURE:0cxx_reference_qualified_functions
    Feature record: CXX_FEATURE:0cxx_relaxed_constexpr
    Feature record: CXX_FEATURE:0cxx_return_type_deduction
    Feature record: CXX_FEATURE:0cxx_right_angle_brackets
    Feature record: CXX_FEATURE:0cxx_rvalue_references
    Feature record: CXX_FEATURE:0cxx_sizeof_member
    Feature record: CXX_FEATURE:0cxx_static_assert
    Feature record: CXX_FEATURE:0cxx_strong_enums
    Feature record: CXX_FEATURE:1cxx_template_template_parameters
    Feature record: CXX_FEATURE:0cxx_thread_local
    Feature record: CXX_FEATURE:0cxx_trailing_return_types
    Feature record: CXX_FEATURE:0cxx_unicode_literals
    Feature record: CXX_FEATURE:0cxx_uniform_initialization
    Feature record: CXX_FEATURE:0cxx_unrestricted_unions
    Feature record: CXX_FEATURE:0cxx_user_literals
    Feature record: CXX_FEATURE:0cxx_variable_templates
    Feature record: CXX_FEATURE:0cxx_variadic_macros
    Feature record: CXX_FEATURE:0cxx_variadic_templates
Determining if files pthread.h exist passed with the following output:
Change Dir: /home/cg/shared/cg_exercise_05/05_distributed/build/CMakeFiles/CMakeTmp

Run Build Command:"/usr/bin/make" "cmTC_0e612/fast"
make: Warning: File 'Makefile' has modification time 0.63 s in the future
/usr/bin/make -f CMakeFiles/cmTC_0e612.dir/build.make CMakeFiles/cmTC_0e612.dir/build
make[1]: Entering directory '/home/cg/shared/cg_exercise_05/05_distributed/build/CMakeFiles/CMakeTmp'
make[1]: Warning: File 'CMakeFiles/cmTC_0e612.dir/flags.make' has modification time 0.62 s in the future
Building C object CMakeFiles/cmTC_0e612.dir/CheckIncludeFiles.c.o
/usr/bin/cc    -o CMakeFiles/cmTC_0e612.dir/CheckIncludeFiles.c.o   -c /home/cg/shared/cg_exercise_05/05_distributed/build/CMakeFiles/CMakeTmp/CheckIncludeFiles.c
Linking C executable cmTC_0e612
/usr/bin/cmake -E cmake_link_script CMakeFiles/cmTC_0e612.dir/link.txt --verbose=1
/usr/bin/cc       CMakeFiles/cmTC_0e612.dir/CheckIncludeFiles.c.o  -o cmTC_0e612 -rdynamic 
make[1]: Leaving directory '/home/cg/shared/cg_exercise_05/05_distributed/build/CMakeFiles/CMakeTmp'
make[1]: warning:  Clock skew detected.  Your build may be incomplete.
make: warning:  Clock skew detected.  Your build may be incomplete.


Determining if the function pthread_create exists in the pthread passed with the following output:
Change Dir: /home/cg/shared/cg_exercise_05/05_distributed/build/CMakeFiles/CMakeTmp

Run Build Command:"/usr/bin/make" "cmTC_e87bd/fast"
make: Warning: File 'Makefile' has modification time 0.64 s in the future
/usr/bin/make -f CMakeFiles/cmTC_e87bd.dir/build.make CMakeFiles/cmTC_e87bd.dir/build
make[1]: Entering directory '/home/cg/shared/cg_exercise_05/05_distributed/build/CMakeFiles/CMakeTmp'
make[1]: Warning: File 'CMakeFiles/cmTC_e87bd.dir/flags.make' has modification time 0.63 s in the future
Building C object CMakeFiles/cmTC_e87bd.dir/CheckFunctionExists.c.o
/usr/bin/cc   -DCHECK_FUNCTION_EXISTS=pthread_create   -o CMakeFiles/cmTC_e87bd.dir/CheckFunctionExists.c.o   -c /usr/share/cmake-3.3/Modules/CheckFunctionExists.c
Linking C executable cmTC_e87bd
/usr/bin/cmake -E cmake_link_script CMakeFiles/cmTC_e87bd.dir/link.txt --verbose=1
/usr/bin/cc   -DCHECK_FUNCTION_EXISTS=pthread_create    CMakeFiles/cmTC_e87bd.dir/CheckFunctionExists.c.o  -o cmTC_e87bd -rdynamic -lpthread 
make[1]: Leaving directory '/home/cg/shared/cg_exercise_05/05_distributed/build/CMakeFiles/CMakeTmp'
make[1]: warning:  Clock skew detected.  Your build may be incomplete.
make: warning:  Clock skew detected.  Your build may be incomplete.


Determining if the function XOpenDisplay exists in the /usr/lib/libX11.so;/usr/lib/libXext.so passed with the following output:
Change Dir: /home/cg/shared/cg_exercise_05/05_distributed/build/CMakeFiles/CMakeTmp

Run Build Command:"/usr/bin/make" "cmTC_9d58d/fast"
make: Warning: File 'Makefile' has modification time 0.64 s in the future
/usr/bin/make -f CMakeFiles/cmTC_9d58d.dir/build.make CMakeFiles/cmTC_9d58d.dir/build
make[1]: Entering directory '/home/cg/shared/cg_exercise_05/05_distributed/build/CMakeFiles/CMakeTmp'
make[1]: Warning: File 'CMakeFiles/cmTC_9d58d.dir/flags.make' has modification time 0.64 s in the future
Building C object CMakeFiles/cmTC_9d58d.dir/CheckFunctionExists.c.o
/usr/bin/cc   -DCHECK_FUNCTION_EXISTS=XOpenDisplay   -o CMakeFiles/cmTC_9d58d.dir/CheckFunctionExists.c.o   -c /usr/share/cmake-3.3/Modules/CheckFunctionExists.c
Linking C executable cmTC_9d58d
/usr/bin/cmake -E cmake_link_script CMakeFiles/cmTC_9d58d.dir/link.txt --verbose=1
/usr/bin/cc   -DCHECK_FUNCTION_EXISTS=XOpenDisplay    CMakeFiles/cmTC_9d58d.dir/CheckFunctionExists.c.o  -o cmTC_9d58d -rdynamic /usr/lib/libX11.so /usr/lib/libXext.so 
make[1]: Leaving directory '/home/cg/shared/cg_exercise_05/05_distributed/build/CMakeFiles/CMakeTmp'
make[1]: warning:  Clock skew detected.  Your build may be incomplete.
make: warning:  Clock skew detected.  Your build may be incomplete.


Determining if the function gethostbyname exists passed with the following output:
Change Dir: /home/cg/shared/cg_exercise_05/05_distributed/build/CMakeFiles/CMakeTmp

Run Build Command:"/usr/bin/make" "cmTC_0cdbf/fast"
make: Warning: File 'Makefile' has modification time 0.65 s in the future
/usr/bin/make -f CMakeFiles/cmTC_0cdbf.dir/build.make CMakeFiles/cmTC_0cdbf.dir/build
make[1]: Entering directory '/home/cg/shared/cg_exercise_05/05_distributed/build/CMakeFiles/CMakeTmp'
make[1]: Warning: File 'CMakeFiles/cmTC_0cdbf.dir/flags.make' has modification time 0.65 s in the future
Building C object CMakeFiles/cmTC_0cdbf.dir/CheckFunctionExists.c.o
/usr/bin/cc   -DCHECK_FUNCTION_EXISTS=gethostbyname   -o CMakeFiles/cmTC_0cdbf.dir/CheckFunctionExists.c.o   -c /usr/share/cmake-3.3/Modules/CheckFunctionExists.c
Linking C executable cmTC_0cdbf
/usr/bin/cmake -E cmake_link_script CMakeFiles/cmTC_0cdbf.dir/link.txt --verbose=1
/usr/bin/cc   -DCHECK_FUNCTION_EXISTS=gethostbyname    CMakeFiles/cmTC_0cdbf.dir/CheckFunctionExists.c.o  -o cmTC_0cdbf -rdynamic 
make[1]: Leaving directory '/home/cg/shared/cg_exercise_05/05_distributed/build/CMakeFiles/CMakeTmp'
make[1]: warning:  Clock skew detected.  Your build may be incomplete.
make: warning:  Clock skew detected.  Your build may be incomplete.


Determining if the function connect exists passed with the following output:
Change Dir: /home/cg/shared/cg_exercise_05/05_distributed/build/CMakeFiles/CMakeTmp

Run Build Command:"/usr/bin/make" "cmTC_432c2/fast"
make: Warning: File 'Makefile' has modification time 0.65 s in the future
/usr/bin/make -f CMakeFiles/cmTC_432c2.dir/build.make CMakeFiles/cmTC_432c2.dir/build
make[1]: Entering directory '/home/cg/shared/cg_exercise_05/05_distributed/build/CMakeFiles/CMakeTmp'
make[1]: Warning: File 'CMakeFiles/cmTC_432c2.dir/flags.make' has modification time 0.65 s in the future
Building C object CMakeFiles/cmTC_432c2.dir/CheckFunctionExists.c.o
/usr/bin/cc   -DCHECK_FUNCTION_EXISTS=connect   -o CMakeFiles/cmTC_432c2.dir/CheckFunctionExists.c.o   -c /usr/share/cmake-3.3/Modules/CheckFunctionExists.c
Linking C executable cmTC_432c2
/usr/bin/cmake -E cmake_link_script CMakeFiles/cmTC_432c2.dir/link.txt --verbose=1
/usr/bin/cc   -DCHECK_FUNCTION_EXISTS=connect    CMakeFiles/cmTC_432c2.dir/CheckFunctionExists.c.o  -o cmTC_432c2 -rdynamic 
make[1]: Leaving directory '/home/cg/shared/cg_exercise_05/05_distributed/build/CMakeFiles/CMakeTmp'
make[1]: warning:  Clock skew detected.  Your build may be incomplete.
make: warning:  Clock skew detected.  Your build may be incomplete.


Determining if the function remove exists passed with the following output:
Change Dir: /home/cg/shared/cg_exercise_05/05_distributed/build/CMakeFiles/CMakeTmp

Run Build Command:"/usr/bin/make" "cmTC_b88b1/fast"
make: Warning: File 'Makefile' has modification time 0.65 s in the future
/usr/bin/make -f CMakeFiles/cmTC_b88b1.dir/build.make CMakeFiles/cmTC_b88b1.dir/build
make[1]: Entering directory '/home/cg/shared/cg_exercise_05/05_distributed/build/CMakeFiles/CMakeTmp'
make[1]: Warning: File 'CMakeFiles/cmTC_b88b1.dir/flags.make' has modification time 0.64 s in the future
Building C object CMakeFiles/cmTC_b88b1.dir/CheckFunctionExists.c.o
/usr/bin/cc   -DCHECK_FUNCTION_EXISTS=remove   -o CMakeFiles/cmTC_b88b1.dir/CheckFunctionExists.c.o   -c /usr/share/cmake-3.3/Modules/CheckFunctionExists.c
Linking C executable cmTC_b88b1
/usr/bin/cmake -E cmake_link_script CMakeFiles/cmTC_b88b1.dir/link.txt --verbose=1
/usr/bin/cc   -DCHECK_FUNCTION_EXISTS=remove    CMakeFiles/cmTC_b88b1.dir/CheckFunctionExists.c.o  -o cmTC_b88b1 -rdynamic 
make[1]: Leaving directory '/home/cg/shared/cg_exercise_05/05_distributed/build/CMakeFiles/CMakeTmp'
make[1]: warning:  Clock skew detected.  Your build may be incomplete.
make: warning:  Clock skew detected.  Your build may be incomplete.


Determining if the function shmat exists passed with the following output:
Change Dir: /home/cg/shared/cg_exercise_05/05_distributed/build/CMakeFiles/CMakeTmp

Run Build Command:"/usr/bin/make" "cmTC_f3e6b/fast"
make: Warning: File 'Makefile' has modification time 0.65 s in the future
/usr/bin/make -f CMakeFiles/cmTC_f3e6b.dir/build.make CMakeFiles/cmTC_f3e6b.dir/build
make[1]: Entering directory '/home/cg/shared/cg_exercise_05/05_distributed/build/CMakeFiles/CMakeTmp'
make[1]: Warning: File 'CMakeFiles/cmTC_f3e6b.dir/flags.make' has modification time 0.64 s in the future
Building C object CMakeFiles/cmTC_f3e6b.dir/CheckFunctionExists.c.o
/usr/bin/cc   -DCHECK_FUNCTION_EXISTS=shmat   -o CMakeFiles/cmTC_f3e6b.dir/CheckFunctionExists.c.o   -c /usr/share/cmake-3.3/Modules/CheckFunctionExists.c
Linking C executable cmTC_f3e6b
/usr/bin/cmake -E cmake_link_script CMakeFiles/cmTC_f3e6b.dir/link.txt --verbose=1
/usr/bin/cc   -DCHECK_FUNCTION_EXISTS=shmat    CMakeFiles/cmTC_f3e6b.dir/CheckFunctionExists.c.o  -o cmTC_f3e6b -rdynamic 
make[1]: Leaving directory '/home/cg/shared/cg_exercise_05/05_distributed/build/CMakeFiles/CMakeTmp'
make[1]: warning:  Clock skew detected.  Your build may be incomplete.
make: warning:  Clock skew detected.  Your build may be incomplete.


Determining if the function IceConnectionNumber exists in the ICE passed with the following output:
Change Dir: /home/cg/shared/cg_exercise_05/05_distributed/build/CMakeFiles/CMakeTmp

Run Build Command:"/usr/bin/make" "cmTC_9908c/fast"
make: Warning: File 'Makefile' has modification time 0.63 s in the future
/usr/bin/make -f CMakeFiles/cmTC_9908c.dir/build.make CMakeFiles/cmTC_9908c.dir/build
make[1]: Entering directory '/home/cg/shared/cg_exercise_05/05_distributed/build/CMakeFiles/CMakeTmp'
make[1]: Warning: File 'CMakeFiles/cmTC_9908c.dir/flags.make' has modification time 0.62 s in the future
Building C object CMakeFiles/cmTC_9908c.dir/CheckFunctionExists.c.o
/usr/bin/cc   -DCHECK_FUNCTION_EXISTS=IceConnectionNumber   -o CMakeFiles/cmTC_9908c.dir/CheckFunctionExists.c.o   -c /usr/share/cmake-3.3/Modules/CheckFunctionExists.c
Linking C executable cmTC_9908c
/usr/bin/cmake -E cmake_link_script CMakeFiles/cmTC_9908c.dir/link.txt --verbose=1
/usr/bin/cc   -DCHECK_FUNCTION_EXISTS=IceConnectionNumber    CMakeFiles/cmTC_9908c.dir/CheckFunctionExists.c.o  -o cmTC_9908c -rdynamic -lICE 
make[1]: Leaving directory '/home/cg/shared/cg_exercise_05/05_distributed/build/CMakeFiles/CMakeTmp'
make[1]: warning:  Clock skew detected.  Your build may be incomplete.
make: warning:  Clock skew detected.  Your build may be incomplete.


Determining if the function glXGetProcAddress exists passed with the following output:
Change Dir: /home/cg/shared/cg_exercise_05/05_distributed/build/CMakeFiles/CMakeTmp

Run Build Command:"/usr/bin/make" "cmTC_fd866/fast"
make: Warning: File 'Makefile' has modification time 0.63 s in the future
/usr/bin/make -f CMakeFiles/cmTC_fd866.dir/build.make CMakeFiles/cmTC_fd866.dir/build
make[1]: Entering directory '/home/cg/shared/cg_exercise_05/05_distributed/build/CMakeFiles/CMakeTmp'
make[1]: Warning: File 'CMakeFiles/cmTC_fd866.dir/flags.make' has modification time 0.62 s in the future
Building C object CMakeFiles/cmTC_fd866.dir/CheckFunctionExists.c.o
/usr/bin/cc   -DCHECK_FUNCTION_EXISTS=glXGetProcAddress   -o CMakeFiles/cmTC_fd866.dir/CheckFunctionExists.c.o   -c /usr/share/cmake-3.3/Modules/CheckFunctionExists.c
Linking C executable cmTC_fd866
/usr/bin/cmake -E cmake_link_script CMakeFiles/cmTC_fd866.dir/link.txt --verbose=1
/usr/bin/cc   -DCHECK_FUNCTION_EXISTS=glXGetProcAddress    CMakeFiles/cmTC_fd866.dir/CheckFunctionExists.c.o  -o cmTC_fd866 -rdynamic /usr/lib/libGL.so 
make[1]: Leaving directory '/home/cg/shared/cg_exercise_05/05_distributed/build/CMakeFiles/CMakeTmp'
make[1]: warning:  Clock skew detected.  Your build may be incomplete.
make: warning:  Clock skew detected.  Your build may be incomplete.


Determining if the function glXGetProcAddressARB exists passed with the following output:
Change Dir: /home/cg/shared/cg_exercise_05/05_distributed/build/CMakeFiles/CMakeTmp

Run Build Command:"/usr/bin/make" "cmTC_60db3/fast"
make: Warning: File 'Makefile' has modification time 0.64 s in the future
/usr/bin/make -f CMakeFiles/cmTC_60db3.dir/build.make CMakeFiles/cmTC_60db3.dir/build
make[1]: Entering directory '/home/cg/shared/cg_exercise_05/05_distributed/build/CMakeFiles/CMakeTmp'
make[1]: Warning: File 'CMakeFiles/cmTC_60db3.dir/flags.make' has modification time 0.63 s in the future
Building C object CMakeFiles/cmTC_60db3.dir/CheckFunctionExists.c.o
/usr/bin/cc   -DCHECK_FUNCTION_EXISTS=glXGetProcAddressARB   -o CMakeFiles/cmTC_60db3.dir/CheckFunctionExists.c.o   -c /usr/share/cmake-3.3/Modules/CheckFunctionExists.c
Linking C executable cmTC_60db3
/usr/bin/cmake -E cmake_link_script CMakeFiles/cmTC_60db3.dir/link.txt --verbose=1
/usr/bin/cc   -DCHECK_FUNCTION_EXISTS=glXGetProcAddressARB    CMakeFiles/cmTC_60db3.dir/CheckFunctionExists.c.o  -o cmTC_60db3 -rdynamic /usr/lib/libGL.so 
make[1]: Leaving directory '/home/cg/shared/cg_exercise_05/05_distributed/build/CMakeFiles/CMakeTmp'
make[1]: warning:  Clock skew detected.  Your build may be incomplete.
make: warning:  Clock skew detected.  Your build may be incomplete.


