Determining if the pthread_create exist failed with the following output:
Change Dir: /home/kkari/UniStuff/Graphics/cg_exercise_03/03_textures/build/CMakeFiles/CMakeTmp

Run Build Command:/usr/bin/make "cmTryCompileExec3599781270/fast"
/usr/bin/make -f CMakeFiles/cmTryCompileExec3599781270.dir/build.make CMakeFiles/cmTryCompileExec3599781270.dir/build
make[1]: Entering directory `/home/kkari/UniStuff/Graphics/cg_exercise_03/03_textures/build/CMakeFiles/CMakeTmp'
/usr/bin/cmake -E cmake_progress_report /home/kkari/UniStuff/Graphics/cg_exercise_03/03_textures/build/CMakeFiles/CMakeTmp/CMakeFiles 1
Building C object CMakeFiles/cmTryCompileExec3599781270.dir/CheckSymbolExists.c.o
/usr/bin/cc    -o CMakeFiles/cmTryCompileExec3599781270.dir/CheckSymbolExists.c.o   -c /home/kkari/UniStuff/Graphics/cg_exercise_03/03_textures/build/CMakeFiles/CMakeTmp/CheckSymbolExists.c
Linking C executable cmTryCompileExec3599781270
/usr/bin/cmake -E cmake_link_script CMakeFiles/cmTryCompileExec3599781270.dir/link.txt --verbose=1
/usr/bin/cc       CMakeFiles/cmTryCompileExec3599781270.dir/CheckSymbolExists.c.o  -o cmTryCompileExec3599781270 -rdynamic 
CMakeFiles/cmTryCompileExec3599781270.dir/CheckSymbolExists.c.o: In function `main':
CheckSymbolExists.c:(.text+0x16): undefined reference to `pthread_create'
collect2: error: ld returned 1 exit status
make[1]: *** [cmTryCompileExec3599781270] Error 1
make[1]: Leaving directory `/home/kkari/UniStuff/Graphics/cg_exercise_03/03_textures/build/CMakeFiles/CMakeTmp'
make: *** [cmTryCompileExec3599781270/fast] Error 2

File /home/kkari/UniStuff/Graphics/cg_exercise_03/03_textures/build/CMakeFiles/CMakeTmp/CheckSymbolExists.c:
/* */
#include <pthread.h>

int main(int argc, char** argv)
{
  (void)argv;
#ifndef pthread_create
  return ((int*)(&pthread_create))[argc];
#else
  (void)argc;
  return 0;
#endif
}

Determining if the function pthread_create exists in the pthreads failed with the following output:
Change Dir: /home/kkari/UniStuff/Graphics/cg_exercise_03/03_textures/build/CMakeFiles/CMakeTmp

Run Build Command:/usr/bin/make "cmTryCompileExec2053514778/fast"
/usr/bin/make -f CMakeFiles/cmTryCompileExec2053514778.dir/build.make CMakeFiles/cmTryCompileExec2053514778.dir/build
make[1]: Entering directory `/home/kkari/UniStuff/Graphics/cg_exercise_03/03_textures/build/CMakeFiles/CMakeTmp'
/usr/bin/cmake -E cmake_progress_report /home/kkari/UniStuff/Graphics/cg_exercise_03/03_textures/build/CMakeFiles/CMakeTmp/CMakeFiles 1
Building C object CMakeFiles/cmTryCompileExec2053514778.dir/CheckFunctionExists.c.o
/usr/bin/cc   -DCHECK_FUNCTION_EXISTS=pthread_create   -o CMakeFiles/cmTryCompileExec2053514778.dir/CheckFunctionExists.c.o   -c /usr/share/cmake-2.8/Modules/CheckFunctionExists.c
Linking C executable cmTryCompileExec2053514778
/usr/bin/cmake -E cmake_link_script CMakeFiles/cmTryCompileExec2053514778.dir/link.txt --verbose=1
/usr/bin/cc   -DCHECK_FUNCTION_EXISTS=pthread_create    CMakeFiles/cmTryCompileExec2053514778.dir/CheckFunctionExists.c.o  -o cmTryCompileExec2053514778 -rdynamic -lpthreads 
/usr/bin/ld: cannot find -lpthreads
collect2: error: ld returned 1 exit status
make[1]: *** [cmTryCompileExec2053514778] Error 1
make[1]: Leaving directory `/home/kkari/UniStuff/Graphics/cg_exercise_03/03_textures/build/CMakeFiles/CMakeTmp'
make: *** [cmTryCompileExec2053514778/fast] Error 2


Determining if the function glXGetProcAddressEXT exists failed with the following output:
Change Dir: /home/kkari/UniStuff/Graphics/cg_exercise_03/03_textures/build/CMakeFiles/CMakeTmp

Run Build Command:/usr/bin/make "cmTryCompileExec2116132037/fast"
/usr/bin/make -f CMakeFiles/cmTryCompileExec2116132037.dir/build.make CMakeFiles/cmTryCompileExec2116132037.dir/build
make[1]: Entering directory `/home/kkari/UniStuff/Graphics/cg_exercise_03/03_textures/build/CMakeFiles/CMakeTmp'
/usr/bin/cmake -E cmake_progress_report /home/kkari/UniStuff/Graphics/cg_exercise_03/03_textures/build/CMakeFiles/CMakeTmp/CMakeFiles 1
Building C object CMakeFiles/cmTryCompileExec2116132037.dir/CheckFunctionExists.c.o
/usr/bin/cc   -DCHECK_FUNCTION_EXISTS=glXGetProcAddressEXT   -o CMakeFiles/cmTryCompileExec2116132037.dir/CheckFunctionExists.c.o   -c /usr/share/cmake-2.8/Modules/CheckFunctionExists.c
Linking C executable cmTryCompileExec2116132037
/usr/bin/cmake -E cmake_link_script CMakeFiles/cmTryCompileExec2116132037.dir/link.txt --verbose=1
/usr/bin/cc   -DCHECK_FUNCTION_EXISTS=glXGetProcAddressEXT    CMakeFiles/cmTryCompileExec2116132037.dir/CheckFunctionExists.c.o  -o cmTryCompileExec2116132037 -rdynamic -lGL 
CMakeFiles/cmTryCompileExec2116132037.dir/CheckFunctionExists.c.o: In function `main':
CheckFunctionExists.c:(.text+0x15): undefined reference to `glXGetProcAddressEXT'
collect2: error: ld returned 1 exit status
make[1]: *** [cmTryCompileExec2116132037] Error 1
make[1]: Leaving directory `/home/kkari/UniStuff/Graphics/cg_exercise_03/03_textures/build/CMakeFiles/CMakeTmp'
make: *** [cmTryCompileExec2116132037/fast] Error 2


