Determining if the pthread_create exist failed with the following output:
Change Dir: /home/kkari/UniStuff/GPUC/Assignment4/Assignment4.build/CMakeFiles/CMakeTmp

Run Build Command:/usr/bin/make "cmTryCompileExec3518926223/fast"
/usr/bin/make -f CMakeFiles/cmTryCompileExec3518926223.dir/build.make CMakeFiles/cmTryCompileExec3518926223.dir/build
make[1]: Entering directory `/home/kkari/UniStuff/GPUC/Assignment4/Assignment4.build/CMakeFiles/CMakeTmp'
/usr/bin/cmake -E cmake_progress_report /home/kkari/UniStuff/GPUC/Assignment4/Assignment4.build/CMakeFiles/CMakeTmp/CMakeFiles 1
Building C object CMakeFiles/cmTryCompileExec3518926223.dir/CheckSymbolExists.c.o
/usr/bin/cc    -o CMakeFiles/cmTryCompileExec3518926223.dir/CheckSymbolExists.c.o   -c /home/kkari/UniStuff/GPUC/Assignment4/Assignment4.build/CMakeFiles/CMakeTmp/CheckSymbolExists.c
Linking C executable cmTryCompileExec3518926223
/usr/bin/cmake -E cmake_link_script CMakeFiles/cmTryCompileExec3518926223.dir/link.txt --verbose=1
/usr/bin/cc       CMakeFiles/cmTryCompileExec3518926223.dir/CheckSymbolExists.c.o  -o cmTryCompileExec3518926223 -rdynamic 
CMakeFiles/cmTryCompileExec3518926223.dir/CheckSymbolExists.c.o: In function `main':
CheckSymbolExists.c:(.text+0x16): undefined reference to `pthread_create'
collect2: error: ld returned 1 exit status
make[1]: *** [cmTryCompileExec3518926223] Error 1
make[1]: Leaving directory `/home/kkari/UniStuff/GPUC/Assignment4/Assignment4.build/CMakeFiles/CMakeTmp'
make: *** [cmTryCompileExec3518926223/fast] Error 2

File /home/kkari/UniStuff/GPUC/Assignment4/Assignment4.build/CMakeFiles/CMakeTmp/CheckSymbolExists.c:
/* */
#include <pthread.h>

int main(int argc, char** argv)
{
  (void)argv;
#ifndef pthread_create
  return ((int*)(&pthread_create))[argc];
#else
  (void)argc;
  return 0;
#endif
}

Determining if the function pthread_create exists in the pthreads failed with the following output:
Change Dir: /home/kkari/UniStuff/GPUC/Assignment4/Assignment4.build/CMakeFiles/CMakeTmp

Run Build Command:/usr/bin/make "cmTryCompileExec2486612690/fast"
/usr/bin/make -f CMakeFiles/cmTryCompileExec2486612690.dir/build.make CMakeFiles/cmTryCompileExec2486612690.dir/build
make[1]: Entering directory `/home/kkari/UniStuff/GPUC/Assignment4/Assignment4.build/CMakeFiles/CMakeTmp'
/usr/bin/cmake -E cmake_progress_report /home/kkari/UniStuff/GPUC/Assignment4/Assignment4.build/CMakeFiles/CMakeTmp/CMakeFiles 1
Building C object CMakeFiles/cmTryCompileExec2486612690.dir/CheckFunctionExists.c.o
/usr/bin/cc   -DCHECK_FUNCTION_EXISTS=pthread_create   -o CMakeFiles/cmTryCompileExec2486612690.dir/CheckFunctionExists.c.o   -c /usr/share/cmake-2.8/Modules/CheckFunctionExists.c
Linking C executable cmTryCompileExec2486612690
/usr/bin/cmake -E cmake_link_script CMakeFiles/cmTryCompileExec2486612690.dir/link.txt --verbose=1
/usr/bin/cc   -DCHECK_FUNCTION_EXISTS=pthread_create    CMakeFiles/cmTryCompileExec2486612690.dir/CheckFunctionExists.c.o  -o cmTryCompileExec2486612690 -rdynamic -lpthreads 
/usr/bin/ld: cannot find -lpthreads
collect2: error: ld returned 1 exit status
make[1]: *** [cmTryCompileExec2486612690] Error 1
make[1]: Leaving directory `/home/kkari/UniStuff/GPUC/Assignment4/Assignment4.build/CMakeFiles/CMakeTmp'
make: *** [cmTryCompileExec2486612690/fast] Error 2


Determining if the function glXGetProcAddressEXT exists failed with the following output:
Change Dir: /home/kkari/UniStuff/GPUC/Assignment4/Assignment4.build/CMakeFiles/CMakeTmp

Run Build Command:/usr/bin/make "cmTryCompileExec3064790596/fast"
/usr/bin/make -f CMakeFiles/cmTryCompileExec3064790596.dir/build.make CMakeFiles/cmTryCompileExec3064790596.dir/build
make[1]: Entering directory `/home/kkari/UniStuff/GPUC/Assignment4/Assignment4.build/CMakeFiles/CMakeTmp'
/usr/bin/cmake -E cmake_progress_report /home/kkari/UniStuff/GPUC/Assignment4/Assignment4.build/CMakeFiles/CMakeTmp/CMakeFiles 1
Building C object CMakeFiles/cmTryCompileExec3064790596.dir/CheckFunctionExists.c.o
/usr/bin/cc   -DCHECK_FUNCTION_EXISTS=glXGetProcAddressEXT   -o CMakeFiles/cmTryCompileExec3064790596.dir/CheckFunctionExists.c.o   -c /usr/share/cmake-2.8/Modules/CheckFunctionExists.c
Linking C executable cmTryCompileExec3064790596
/usr/bin/cmake -E cmake_link_script CMakeFiles/cmTryCompileExec3064790596.dir/link.txt --verbose=1
/usr/bin/cc   -DCHECK_FUNCTION_EXISTS=glXGetProcAddressEXT    CMakeFiles/cmTryCompileExec3064790596.dir/CheckFunctionExists.c.o  -o cmTryCompileExec3064790596 -rdynamic -lGL 
CMakeFiles/cmTryCompileExec3064790596.dir/CheckFunctionExists.c.o: In function `main':
CheckFunctionExists.c:(.text+0x15): undefined reference to `glXGetProcAddressEXT'
collect2: error: ld returned 1 exit status
make[1]: *** [cmTryCompileExec3064790596] Error 1
make[1]: Leaving directory `/home/kkari/UniStuff/GPUC/Assignment4/Assignment4.build/CMakeFiles/CMakeTmp'
make: *** [cmTryCompileExec3064790596/fast] Error 2


